<?xml version="1.0" encoding="UTF-8"?>
<TestRun id="de52cede-616b-4615-8636-c4ff448b4272" name="1@DESKTOP-J92RQ9N 2017-08-27 16:21:17" runUser="DESKTOP-J92RQ9N\1" xmlns="http://microsoft.com/schemas/VisualStudio/TeamTest/2010">
  <Times creation="2017-08-27T16:21:17.2190095+03:00" queuing="2017-08-27T16:21:17.2190095+03:00" start="2017-08-27T16:21:16.4276702+03:00" finish="2017-08-27T16:21:17.2685538+03:00" />
  <TestSettings name="default" id="34d07862-b754-4c98-a6fb-da842d474c20">
    <Execution>
      <TestTypeSpecific />
    </Execution>
    <Deployment runDeploymentRoot="1_DESKTOP-J92RQ9N 2017-08-27 16_21_17" />
    <Properties />
  </TestSettings>
  <Results>
    <UnitTestResult executionId="071ca8ca-191f-4704-9fa3-2cb9a036e6bb" testId="337c05a5-2dab-5a95-795b-e823d7a9a7bb" testName="Test2" computerName="DESKTOP-J92RQ9N" duration="00:00:00.0051248" startTime="2017-08-27T16:21:17.1213359+03:00" endTime="2017-08-27T16:21:17.1675440+03:00" testType="13cdc9d9-ddb5-4fa4-a97d-d965ccfc6d4b" outcome="Passed" testListId="8c84fa94-04c1-424b-9868-57a2d4851a1d" relativeResultsDirectory="071ca8ca-191f-4704-9fa3-2cb9a036e6bb" />
    <UnitTestResult executionId="42216ac3-0d76-4de9-98ec-313322792ae8" testId="f4be1c13-f3d9-3884-68b9-5b317cfcb1b3" testName="Test4" computerName="DESKTOP-J92RQ9N" duration="00:00:00.0005472" startTime="2017-08-27T16:21:17.1770417+03:00" endTime="2017-08-27T16:21:17.1780415+03:00" testType="13cdc9d9-ddb5-4fa4-a97d-d965ccfc6d4b" outcome="Passed" testListId="8c84fa94-04c1-424b-9868-57a2d4851a1d" relativeResultsDirectory="42216ac3-0d76-4de9-98ec-313322792ae8">
      <Output>
        <StdOut>123 TEst</StdOut>
      </Output>
    </UnitTestResult>
    <UnitTestResult executionId="6e123147-ec23-4628-a26a-8a5eb18ebbea" testId="f4be1c13-f3d9-3884-68b9-5b317cfcb1b3" testName="Test4" computerName="DESKTOP-J92RQ9N" duration="00:00:00.0000069" startTime="2017-08-27T16:21:17.1780415+03:00" endTime="2017-08-27T16:21:17.1785579+03:00" testType="13cdc9d9-ddb5-4fa4-a97d-d965ccfc6d4b" outcome="Passed" testListId="8c84fa94-04c1-424b-9868-57a2d4851a1d" relativeResultsDirectory="6e123147-ec23-4628-a26a-8a5eb18ebbea">
      <Output>
        <StdOut>123 TEst</StdOut>
      </Output>
    </UnitTestResult>
  </Results>
  <TestDefinitions>
    <UnitTest name="Test2" storage="d:\visual studio 2015\projects\browsertestadapter\tests\bin\debug\tests.dll" id="337c05a5-2dab-5a95-795b-e823d7a9a7bb">
      <Execution id="071ca8ca-191f-4704-9fa3-2cb9a036e6bb" />
      <TestMethod codeBase="D:\Visual Studio 2015\Projects\BrowserTestAdapter\Tests\bin\Debug\Tests.dll" adapterTypeName="Microsoft.VisualStudio.TestTools.TestTypes.Unit.UnitTestAdapter" className="Tests.Class1" name="Test2" />
    </UnitTest>
    <UnitTest name="Test4" storage="d:\visual studio 2015\projects\browsertestadapter\tests\bin\debug\tests.dll" id="f4be1c13-f3d9-3884-68b9-5b317cfcb1b3">
      <Execution id="42216ac3-0d76-4de9-98ec-313322792ae8" />
      <TestMethod codeBase="D:\Visual Studio 2015\Projects\BrowserTestAdapter\Tests\bin\Debug\Tests.dll" adapterTypeName="Microsoft.VisualStudio.TestTools.TestTypes.Unit.UnitTestAdapter" className="Tests.Class1" name="Test4" />
    </UnitTest>
  </TestDefinitions>
  <TestEntries>
    <TestEntry testId="337c05a5-2dab-5a95-795b-e823d7a9a7bb" executionId="071ca8ca-191f-4704-9fa3-2cb9a036e6bb" testListId="8c84fa94-04c1-424b-9868-57a2d4851a1d" />
    <TestEntry testId="f4be1c13-f3d9-3884-68b9-5b317cfcb1b3" executionId="42216ac3-0d76-4de9-98ec-313322792ae8" testListId="8c84fa94-04c1-424b-9868-57a2d4851a1d" />
    <TestEntry testId="f4be1c13-f3d9-3884-68b9-5b317cfcb1b3" executionId="6e123147-ec23-4628-a26a-8a5eb18ebbea" testListId="8c84fa94-04c1-424b-9868-57a2d4851a1d" />
  </TestEntries>
  <TestLists>
    <TestList name="Results Not in a List" id="8c84fa94-04c1-424b-9868-57a2d4851a1d" />
    <TestList name="All Loaded Results" id="19431567-8539-422a-85d7-44ee4e166bda" />
  </TestLists>
  <ResultSummary outcome="Completed">
    <Counters total="3" executed="3" passed="3" failed="0" error="0" timeout="0" aborted="0" inconclusive="0" passedButRunAborted="0" notRunnable="0" notExecuted="0" disconnected="0" warning="0" completed="0" inProgress="0" pending="0" />
  </ResultSummary>
</TestRun>