<?xml version="1.0" encoding="UTF-8"?>
<TestRun id="52db7b11-55e4-4320-a044-9da89d4f2a5e" name="1@DESKTOP-J92RQ9N 2017-08-27 16:21:27" runUser="DESKTOP-J92RQ9N\1" xmlns="http://microsoft.com/schemas/VisualStudio/TeamTest/2010">
  <Times creation="2017-08-27T16:21:27.2736927+03:00" queuing="2017-08-27T16:21:27.2736927+03:00" start="2017-08-27T16:21:26.4789165+03:00" finish="2017-08-27T16:21:27.3244729+03:00" />
  <TestSettings name="default" id="030cf653-6ff4-4e64-afd9-247bbcff1e1a">
    <Execution>
      <TestTypeSpecific />
    </Execution>
    <Deployment runDeploymentRoot="1_DESKTOP-J92RQ9N 2017-08-27 16_21_27" />
    <Properties />
  </TestSettings>
  <Results>
    <UnitTestResult executionId="638b20d4-337c-48d5-9c76-0981b39e5683" testId="337c05a5-2dab-5a95-795b-e823d7a9a7bb" testName="Test2" computerName="DESKTOP-J92RQ9N" duration="00:00:00.0049326" startTime="2017-08-27T16:21:27.1779986+03:00" endTime="2017-08-27T16:21:27.2250479+03:00" testType="13cdc9d9-ddb5-4fa4-a97d-d965ccfc6d4b" outcome="Passed" testListId="8c84fa94-04c1-424b-9868-57a2d4851a1d" relativeResultsDirectory="638b20d4-337c-48d5-9c76-0981b39e5683" />
    <UnitTestResult executionId="05cefb2e-5e20-4e31-9a3d-5a813163570e" testId="f4be1c13-f3d9-3884-68b9-5b317cfcb1b3" testName="Test4" computerName="DESKTOP-J92RQ9N" duration="00:00:00.0004954" startTime="2017-08-27T16:21:27.2345548+03:00" endTime="2017-08-27T16:21:27.2355560+03:00" testType="13cdc9d9-ddb5-4fa4-a97d-d965ccfc6d4b" outcome="Passed" testListId="8c84fa94-04c1-424b-9868-57a2d4851a1d" relativeResultsDirectory="05cefb2e-5e20-4e31-9a3d-5a813163570e">
      <Output>
        <StdOut>123 TEst</StdOut>
      </Output>
    </UnitTestResult>
    <UnitTestResult executionId="3b19b427-2c38-4416-860b-095df0c1851c" testId="f4be1c13-f3d9-3884-68b9-5b317cfcb1b3" testName="Test4" computerName="DESKTOP-J92RQ9N" duration="00:00:00.0000060" startTime="2017-08-27T16:21:27.2355560+03:00" endTime="2017-08-27T16:21:27.2355560+03:00" testType="13cdc9d9-ddb5-4fa4-a97d-d965ccfc6d4b" outcome="Passed" testListId="8c84fa94-04c1-424b-9868-57a2d4851a1d" relativeResultsDirectory="3b19b427-2c38-4416-860b-095df0c1851c">
      <Output>
        <StdOut>123 TEst</StdOut>
      </Output>
    </UnitTestResult>
  </Results>
  <TestDefinitions>
    <UnitTest name="Test2" storage="d:\visual studio 2015\projects\browsertestadapter\tests\bin\debug\tests.dll" id="337c05a5-2dab-5a95-795b-e823d7a9a7bb">
      <Execution id="638b20d4-337c-48d5-9c76-0981b39e5683" />
      <TestMethod codeBase="D:\Visual Studio 2015\Projects\BrowserTestAdapter\Tests\bin\Debug\Tests.dll" adapterTypeName="Microsoft.VisualStudio.TestTools.TestTypes.Unit.UnitTestAdapter" className="Tests.Class1" name="Test2" />
    </UnitTest>
    <UnitTest name="Test4" storage="d:\visual studio 2015\projects\browsertestadapter\tests\bin\debug\tests.dll" id="f4be1c13-f3d9-3884-68b9-5b317cfcb1b3">
      <Execution id="05cefb2e-5e20-4e31-9a3d-5a813163570e" />
      <TestMethod codeBase="D:\Visual Studio 2015\Projects\BrowserTestAdapter\Tests\bin\Debug\Tests.dll" adapterTypeName="Microsoft.VisualStudio.TestTools.TestTypes.Unit.UnitTestAdapter" className="Tests.Class1" name="Test4" />
    </UnitTest>
  </TestDefinitions>
  <TestEntries>
    <TestEntry testId="337c05a5-2dab-5a95-795b-e823d7a9a7bb" executionId="638b20d4-337c-48d5-9c76-0981b39e5683" testListId="8c84fa94-04c1-424b-9868-57a2d4851a1d" />
    <TestEntry testId="f4be1c13-f3d9-3884-68b9-5b317cfcb1b3" executionId="05cefb2e-5e20-4e31-9a3d-5a813163570e" testListId="8c84fa94-04c1-424b-9868-57a2d4851a1d" />
    <TestEntry testId="f4be1c13-f3d9-3884-68b9-5b317cfcb1b3" executionId="3b19b427-2c38-4416-860b-095df0c1851c" testListId="8c84fa94-04c1-424b-9868-57a2d4851a1d" />
  </TestEntries>
  <TestLists>
    <TestList name="Results Not in a List" id="8c84fa94-04c1-424b-9868-57a2d4851a1d" />
    <TestList name="All Loaded Results" id="19431567-8539-422a-85d7-44ee4e166bda" />
  </TestLists>
  <ResultSummary outcome="Completed">
    <Counters total="3" executed="3" passed="3" failed="0" error="0" timeout="0" aborted="0" inconclusive="0" passedButRunAborted="0" notRunnable="0" notExecuted="0" disconnected="0" warning="0" completed="0" inProgress="0" pending="0" />
  </ResultSummary>
</TestRun>