<?xml version="1.0" encoding="UTF-8"?>
<TestRun id="c8e59787-6480-408e-a8cf-f44215f501fc" name="1@DESKTOP-J92RQ9N 2017-08-27 16:19:32" runUser="DESKTOP-J92RQ9N\1" xmlns="http://microsoft.com/schemas/VisualStudio/TeamTest/2010">
  <Times creation="2017-08-27T16:19:32.3677680+03:00" queuing="2017-08-27T16:19:32.3677680+03:00" start="2017-08-27T16:19:31.5500029+03:00" finish="2017-08-27T16:19:32.4162910+03:00" />
  <TestSettings name="default" id="2f31d693-b9a1-40d7-a9e4-0613f8431cf9">
    <Execution>
      <TestTypeSpecific />
    </Execution>
    <Deployment runDeploymentRoot="1_DESKTOP-J92RQ9N 2017-08-27 16_19_32" />
    <Properties />
  </TestSettings>
  <Results>
    <UnitTestResult executionId="81d3b077-8e1b-4ebf-8a21-20ee2854d557" testId="f4be1c13-f3d9-3884-68b9-5b317cfcb1b3" testName="Test4" computerName="DESKTOP-J92RQ9N" duration="00:00:00.0052260" startTime="2017-08-27T16:19:32.2736950+03:00" endTime="2017-08-27T16:19:32.3205003+03:00" testType="13cdc9d9-ddb5-4fa4-a97d-d965ccfc6d4b" outcome="Passed" testListId="8c84fa94-04c1-424b-9868-57a2d4851a1d" relativeResultsDirectory="81d3b077-8e1b-4ebf-8a21-20ee2854d557">
      <Output>
        <StdOut>123 TEst</StdOut>
      </Output>
    </UnitTestResult>
    <UnitTestResult executionId="1a19a29d-9055-4a2a-863f-09f3226e6db9" testId="f4be1c13-f3d9-3884-68b9-5b317cfcb1b3" testName="Test4" computerName="DESKTOP-J92RQ9N" duration="00:00:00.0000158" startTime="2017-08-27T16:19:32.3295077+03:00" endTime="2017-08-27T16:19:32.3295077+03:00" testType="13cdc9d9-ddb5-4fa4-a97d-d965ccfc6d4b" outcome="Passed" testListId="8c84fa94-04c1-424b-9868-57a2d4851a1d" relativeResultsDirectory="1a19a29d-9055-4a2a-863f-09f3226e6db9">
      <Output>
        <StdOut>123 TEst</StdOut>
      </Output>
    </UnitTestResult>
  </Results>
  <TestDefinitions>
    <UnitTest name="Test4" storage="d:\visual studio 2015\projects\browsertestadapter\tests\bin\debug\tests.dll" id="f4be1c13-f3d9-3884-68b9-5b317cfcb1b3">
      <Execution id="81d3b077-8e1b-4ebf-8a21-20ee2854d557" />
      <TestMethod codeBase="D:\Visual Studio 2015\Projects\BrowserTestAdapter\Tests\bin\Debug\Tests.dll" adapterTypeName="Microsoft.VisualStudio.TestTools.TestTypes.Unit.UnitTestAdapter" className="Tests.Class1" name="Test4" />
    </UnitTest>
  </TestDefinitions>
  <TestEntries>
    <TestEntry testId="f4be1c13-f3d9-3884-68b9-5b317cfcb1b3" executionId="81d3b077-8e1b-4ebf-8a21-20ee2854d557" testListId="8c84fa94-04c1-424b-9868-57a2d4851a1d" />
    <TestEntry testId="f4be1c13-f3d9-3884-68b9-5b317cfcb1b3" executionId="1a19a29d-9055-4a2a-863f-09f3226e6db9" testListId="8c84fa94-04c1-424b-9868-57a2d4851a1d" />
  </TestEntries>
  <TestLists>
    <TestList name="Results Not in a List" id="8c84fa94-04c1-424b-9868-57a2d4851a1d" />
    <TestList name="All Loaded Results" id="19431567-8539-422a-85d7-44ee4e166bda" />
  </TestLists>
  <ResultSummary outcome="Completed">
    <Counters total="2" executed="2" passed="2" failed="0" error="0" timeout="0" aborted="0" inconclusive="0" passedButRunAborted="0" notRunnable="0" notExecuted="0" disconnected="0" warning="0" completed="0" inProgress="0" pending="0" />
  </ResultSummary>
</TestRun>