<?xml version="1.0" encoding="UTF-8"?>
<TestRun id="07fd4a3d-f58a-47c1-9077-32b4aa5e355b" name="1@DESKTOP-J92RQ9N 2017-08-27 16:19:22" runUser="DESKTOP-J92RQ9N\1" xmlns="http://microsoft.com/schemas/VisualStudio/TeamTest/2010">
  <Times creation="2017-08-27T16:19:22.1672669+03:00" queuing="2017-08-27T16:19:22.1672669+03:00" start="2017-08-27T16:19:21.3379776+03:00" finish="2017-08-27T16:19:22.2188033+03:00" />
  <TestSettings name="default" id="2eb6aef2-70d4-4cc0-ae9d-f4f449dff7b5">
    <Execution>
      <TestTypeSpecific />
    </Execution>
    <Deployment runDeploymentRoot="1_DESKTOP-J92RQ9N 2017-08-27 16_19_22" />
    <Properties />
  </TestSettings>
  <Results>
    <UnitTestResult executionId="bea02a16-0842-4c3d-aebf-590c4a1d691d" testId="b26052a2-4c9a-4ba6-8817-55c7a1bd4de7" testName="Test4 (1)" computerName="DESKTOP-J92RQ9N" duration="00:00:00.0053595" startTime="2017-08-27T16:19:22.0608980+03:00" endTime="2017-08-27T16:19:22.1194408+03:00" testType="13cdc9d9-ddb5-4fa4-a97d-d965ccfc6d4b" outcome="Passed" testListId="8c84fa94-04c1-424b-9868-57a2d4851a1d" relativeResultsDirectory="bea02a16-0842-4c3d-aebf-590c4a1d691d">
      <Output>
        <StdOut>123 TEst</StdOut>
      </Output>
    </UnitTestResult>
    <UnitTestResult executionId="0aced06c-4102-4977-9f85-b753763772a9" testId="ad27e160-fbd9-4fe1-8080-d2a8b2ac5fda" testName="Test4 (2)" computerName="DESKTOP-J92RQ9N" duration="00:00:00.0000181" startTime="2017-08-27T16:19:22.0608980+03:00" endTime="2017-08-27T16:19:22.1194408+03:00" testType="13cdc9d9-ddb5-4fa4-a97d-d965ccfc6d4b" outcome="Passed" testListId="8c84fa94-04c1-424b-9868-57a2d4851a1d" relativeResultsDirectory="0aced06c-4102-4977-9f85-b753763772a9">
      <Output>
        <StdOut>123 TEst</StdOut>
      </Output>
    </UnitTestResult>
    <UnitTestResult executionId="e542f03d-c97e-4400-b5cb-15f7c7063bae" testId="70f49dfb-b5da-41ee-8687-b687dcc7386c" testName="Test4 (3)" computerName="DESKTOP-J92RQ9N" duration="00:00:00.0000018" startTime="2017-08-27T16:19:22.0608980+03:00" endTime="2017-08-27T16:19:22.1194408+03:00" testType="13cdc9d9-ddb5-4fa4-a97d-d965ccfc6d4b" outcome="Passed" testListId="8c84fa94-04c1-424b-9868-57a2d4851a1d" relativeResultsDirectory="e542f03d-c97e-4400-b5cb-15f7c7063bae">
      <Output>
        <StdOut>123 TEst</StdOut>
      </Output>
    </UnitTestResult>
    <UnitTestResult executionId="44f1aef9-e2c6-42db-b364-0c478f2a2b96" testId="1db8c113-500e-4766-8b4f-a6f84524ee09" testName="Test4 (1)" computerName="DESKTOP-J92RQ9N" duration="00:00:00.0000060" startTime="2017-08-27T16:19:22.1289478+03:00" endTime="2017-08-27T16:19:22.1289478+03:00" testType="13cdc9d9-ddb5-4fa4-a97d-d965ccfc6d4b" outcome="Passed" testListId="8c84fa94-04c1-424b-9868-57a2d4851a1d" relativeResultsDirectory="44f1aef9-e2c6-42db-b364-0c478f2a2b96">
      <Output>
        <StdOut>123 TEst</StdOut>
      </Output>
    </UnitTestResult>
    <UnitTestResult executionId="1e120b6e-a413-4ed6-b926-ef6557c82212" testId="7eb9e933-2b39-48b1-a4a0-cb04db98a1f9" testName="Test4 (2)" computerName="DESKTOP-J92RQ9N" duration="00:00:00.0000013" startTime="2017-08-27T16:19:22.1289478+03:00" endTime="2017-08-27T16:19:22.1289478+03:00" testType="13cdc9d9-ddb5-4fa4-a97d-d965ccfc6d4b" outcome="Passed" testListId="8c84fa94-04c1-424b-9868-57a2d4851a1d" relativeResultsDirectory="1e120b6e-a413-4ed6-b926-ef6557c82212">
      <Output>
        <StdOut>123 TEst</StdOut>
      </Output>
    </UnitTestResult>
    <UnitTestResult executionId="fb044190-2d6c-4790-8527-d31cb05e84a7" testId="bcd2a105-2350-4e57-a78f-baab4fb48441" testName="Test4 (3)" computerName="DESKTOP-J92RQ9N" duration="00:00:00.0000009" startTime="2017-08-27T16:19:22.1289478+03:00" endTime="2017-08-27T16:19:22.1289478+03:00" testType="13cdc9d9-ddb5-4fa4-a97d-d965ccfc6d4b" outcome="Passed" testListId="8c84fa94-04c1-424b-9868-57a2d4851a1d" relativeResultsDirectory="fb044190-2d6c-4790-8527-d31cb05e84a7">
      <Output>
        <StdOut>123 TEst</StdOut>
      </Output>
    </UnitTestResult>
  </Results>
  <TestDefinitions>
    <UnitTest name="Test4 (1)" storage="d:\visual studio 2015\projects\browsertestadapter\tests\bin\debug\tests.dll" id="b26052a2-4c9a-4ba6-8817-55c7a1bd4de7">
      <Execution id="bea02a16-0842-4c3d-aebf-590c4a1d691d" />
      <TestMethod codeBase="D:\Visual Studio 2015\Projects\BrowserTestAdapter\Tests\bin\Debug\Tests.dll" adapterTypeName="Microsoft.VisualStudio.TestTools.TestTypes.Unit.UnitTestAdapter" className="Tests.Class1" name="Test4 (1)" />
    </UnitTest>
    <UnitTest name="Test4 (2)" storage="d:\visual studio 2015\projects\browsertestadapter\tests\bin\debug\tests.dll" id="ad27e160-fbd9-4fe1-8080-d2a8b2ac5fda">
      <Execution id="0aced06c-4102-4977-9f85-b753763772a9" />
      <TestMethod codeBase="D:\Visual Studio 2015\Projects\BrowserTestAdapter\Tests\bin\Debug\Tests.dll" adapterTypeName="Microsoft.VisualStudio.TestTools.TestTypes.Unit.UnitTestAdapter" className="Tests.Class1" name="Test4 (2)" />
    </UnitTest>
    <UnitTest name="Test4 (3)" storage="d:\visual studio 2015\projects\browsertestadapter\tests\bin\debug\tests.dll" id="70f49dfb-b5da-41ee-8687-b687dcc7386c">
      <Execution id="e542f03d-c97e-4400-b5cb-15f7c7063bae" />
      <TestMethod codeBase="D:\Visual Studio 2015\Projects\BrowserTestAdapter\Tests\bin\Debug\Tests.dll" adapterTypeName="Microsoft.VisualStudio.TestTools.TestTypes.Unit.UnitTestAdapter" className="Tests.Class1" name="Test4 (3)" />
    </UnitTest>
    <UnitTest name="Test4 (1)" storage="d:\visual studio 2015\projects\browsertestadapter\tests\bin\debug\tests.dll" id="1db8c113-500e-4766-8b4f-a6f84524ee09">
      <Execution id="44f1aef9-e2c6-42db-b364-0c478f2a2b96" />
      <TestMethod codeBase="D:\Visual Studio 2015\Projects\BrowserTestAdapter\Tests\bin\Debug\Tests.dll" adapterTypeName="Microsoft.VisualStudio.TestTools.TestTypes.Unit.UnitTestAdapter" className="Tests.Class1" name="Test4 (1)" />
    </UnitTest>
    <UnitTest name="Test4 (2)" storage="d:\visual studio 2015\projects\browsertestadapter\tests\bin\debug\tests.dll" id="7eb9e933-2b39-48b1-a4a0-cb04db98a1f9">
      <Execution id="1e120b6e-a413-4ed6-b926-ef6557c82212" />
      <TestMethod codeBase="D:\Visual Studio 2015\Projects\BrowserTestAdapter\Tests\bin\Debug\Tests.dll" adapterTypeName="Microsoft.VisualStudio.TestTools.TestTypes.Unit.UnitTestAdapter" className="Tests.Class1" name="Test4 (2)" />
    </UnitTest>
    <UnitTest name="Test4 (3)" storage="d:\visual studio 2015\projects\browsertestadapter\tests\bin\debug\tests.dll" id="bcd2a105-2350-4e57-a78f-baab4fb48441">
      <Execution id="fb044190-2d6c-4790-8527-d31cb05e84a7" />
      <TestMethod codeBase="D:\Visual Studio 2015\Projects\BrowserTestAdapter\Tests\bin\Debug\Tests.dll" adapterTypeName="Microsoft.VisualStudio.TestTools.TestTypes.Unit.UnitTestAdapter" className="Tests.Class1" name="Test4 (3)" />
    </UnitTest>
  </TestDefinitions>
  <TestEntries>
    <TestEntry testId="b26052a2-4c9a-4ba6-8817-55c7a1bd4de7" executionId="bea02a16-0842-4c3d-aebf-590c4a1d691d" testListId="8c84fa94-04c1-424b-9868-57a2d4851a1d" />
    <TestEntry testId="ad27e160-fbd9-4fe1-8080-d2a8b2ac5fda" executionId="0aced06c-4102-4977-9f85-b753763772a9" testListId="8c84fa94-04c1-424b-9868-57a2d4851a1d" />
    <TestEntry testId="70f49dfb-b5da-41ee-8687-b687dcc7386c" executionId="e542f03d-c97e-4400-b5cb-15f7c7063bae" testListId="8c84fa94-04c1-424b-9868-57a2d4851a1d" />
    <TestEntry testId="1db8c113-500e-4766-8b4f-a6f84524ee09" executionId="44f1aef9-e2c6-42db-b364-0c478f2a2b96" testListId="8c84fa94-04c1-424b-9868-57a2d4851a1d" />
    <TestEntry testId="7eb9e933-2b39-48b1-a4a0-cb04db98a1f9" executionId="1e120b6e-a413-4ed6-b926-ef6557c82212" testListId="8c84fa94-04c1-424b-9868-57a2d4851a1d" />
    <TestEntry testId="bcd2a105-2350-4e57-a78f-baab4fb48441" executionId="fb044190-2d6c-4790-8527-d31cb05e84a7" testListId="8c84fa94-04c1-424b-9868-57a2d4851a1d" />
  </TestEntries>
  <TestLists>
    <TestList name="Results Not in a List" id="8c84fa94-04c1-424b-9868-57a2d4851a1d" />
    <TestList name="All Loaded Results" id="19431567-8539-422a-85d7-44ee4e166bda" />
  </TestLists>
  <ResultSummary outcome="Completed">
    <Counters total="6" executed="6" passed="6" failed="0" error="0" timeout="0" aborted="0" inconclusive="0" passedButRunAborted="0" notRunnable="0" notExecuted="0" disconnected="0" warning="0" completed="0" inProgress="0" pending="0" />
  </ResultSummary>
</TestRun>