<?xml version="1.0" encoding="UTF-8"?>
<TestRun id="c6a35543-ddcc-4169-b239-695855c6ac43" name="1@DESKTOP-J92RQ9N 2017-08-27 16:20:23" runUser="DESKTOP-J92RQ9N\1" xmlns="http://microsoft.com/schemas/VisualStudio/TeamTest/2010">
  <Times creation="2017-08-27T16:20:23.4959486+03:00" queuing="2017-08-27T16:20:23.4959486+03:00" start="2017-08-27T16:20:22.6869455+03:00" finish="2017-08-27T16:20:23.5454206+03:00" />
  <TestSettings name="default" id="586bee91-010a-4abc-80aa-042622407442">
    <Execution>
      <TestTypeSpecific />
    </Execution>
    <Deployment runDeploymentRoot="1_DESKTOP-J92RQ9N 2017-08-27 16_20_23" />
    <Properties />
  </TestSettings>
  <Results>
    <UnitTestResult executionId="3f614725-011e-4b88-9ab0-4bc688fdb0bc" testId="f4be1c13-f3d9-3884-68b9-5b317cfcb1b3" testName="Test4" computerName="DESKTOP-J92RQ9N" duration="00:00:00.0054747" startTime="2017-08-27T16:20:23.4003655+03:00" endTime="2017-08-27T16:20:23.4473989+03:00" testType="13cdc9d9-ddb5-4fa4-a97d-d965ccfc6d4b" outcome="Passed" testListId="8c84fa94-04c1-424b-9868-57a2d4851a1d" relativeResultsDirectory="3f614725-011e-4b88-9ab0-4bc688fdb0bc">
      <Output>
        <StdOut>123 TEst</StdOut>
      </Output>
    </UnitTestResult>
    <UnitTestResult executionId="ef12eeff-b551-4568-a6a0-2eaabdf967b9" testId="f4be1c13-f3d9-3884-68b9-5b317cfcb1b3" testName="Test4" computerName="DESKTOP-J92RQ9N" duration="00:00:00.0000144" startTime="2017-08-27T16:20:23.4564189+03:00" endTime="2017-08-27T16:20:23.4564189+03:00" testType="13cdc9d9-ddb5-4fa4-a97d-d965ccfc6d4b" outcome="Passed" testListId="8c84fa94-04c1-424b-9868-57a2d4851a1d" relativeResultsDirectory="ef12eeff-b551-4568-a6a0-2eaabdf967b9">
      <Output>
        <StdOut>123 TEst</StdOut>
      </Output>
    </UnitTestResult>
  </Results>
  <TestDefinitions>
    <UnitTest name="Test4" storage="d:\visual studio 2015\projects\browsertestadapter\tests\bin\debug\tests.dll" id="f4be1c13-f3d9-3884-68b9-5b317cfcb1b3">
      <Execution id="3f614725-011e-4b88-9ab0-4bc688fdb0bc" />
      <TestMethod codeBase="D:\Visual Studio 2015\Projects\BrowserTestAdapter\Tests\bin\Debug\Tests.dll" adapterTypeName="Microsoft.VisualStudio.TestTools.TestTypes.Unit.UnitTestAdapter" className="Tests.Class1" name="Test4" />
    </UnitTest>
  </TestDefinitions>
  <TestEntries>
    <TestEntry testId="f4be1c13-f3d9-3884-68b9-5b317cfcb1b3" executionId="3f614725-011e-4b88-9ab0-4bc688fdb0bc" testListId="8c84fa94-04c1-424b-9868-57a2d4851a1d" />
    <TestEntry testId="f4be1c13-f3d9-3884-68b9-5b317cfcb1b3" executionId="ef12eeff-b551-4568-a6a0-2eaabdf967b9" testListId="8c84fa94-04c1-424b-9868-57a2d4851a1d" />
  </TestEntries>
  <TestLists>
    <TestList name="Results Not in a List" id="8c84fa94-04c1-424b-9868-57a2d4851a1d" />
    <TestList name="All Loaded Results" id="19431567-8539-422a-85d7-44ee4e166bda" />
  </TestLists>
  <ResultSummary outcome="Completed">
    <Counters total="2" executed="2" passed="2" failed="0" error="0" timeout="0" aborted="0" inconclusive="0" passedButRunAborted="0" notRunnable="0" notExecuted="0" disconnected="0" warning="0" completed="0" inProgress="0" pending="0" />
  </ResultSummary>
</TestRun>