<?xml version="1.0" encoding="UTF-8"?>
<TestRun id="cd94c285-27b3-4309-889e-01d1cc62eeee" name="1@DESKTOP-J92RQ9N 2017-08-27 16:19:00" runUser="DESKTOP-J92RQ9N\1" xmlns="http://microsoft.com/schemas/VisualStudio/TeamTest/2010">
  <Times creation="2017-08-27T16:19:00.5465403+03:00" queuing="2017-08-27T16:19:00.5465403+03:00" start="2017-08-27T16:18:59.6830187+03:00" finish="2017-08-27T16:19:00.5945931+03:00" />
  <TestSettings name="default" id="7e867e3f-4a98-47a6-b01f-76248937820d">
    <Execution>
      <TestTypeSpecific />
    </Execution>
    <Deployment runDeploymentRoot="1_DESKTOP-J92RQ9N 2017-08-27 16_19_00" />
    <Properties />
  </TestSettings>
  <Results>
    <UnitTestResult executionId="b5d86130-6a61-4858-b4e1-202c8b322539" testId="fe8f30a8-de6c-43e4-a1dd-cb09a51c573c" testName="Test4 (1)" computerName="DESKTOP-J92RQ9N" duration="00:00:00.0055382" startTime="2017-08-27T16:19:00.4384639+03:00" endTime="2017-08-27T16:19:00.4980060+03:00" testType="13cdc9d9-ddb5-4fa4-a97d-d965ccfc6d4b" outcome="Passed" testListId="8c84fa94-04c1-424b-9868-57a2d4851a1d" relativeResultsDirectory="b5d86130-6a61-4858-b4e1-202c8b322539">
      <Output>
        <StdOut>123 TEst</StdOut>
      </Output>
    </UnitTestResult>
    <UnitTestResult executionId="ffb83ea8-7d4a-4876-a2e5-a199fa0bbf55" testId="74e5a1ee-166f-4289-8449-ef3d6cb46711" testName="Test4 (2)" computerName="DESKTOP-J92RQ9N" duration="00:00:00.0000195" startTime="2017-08-27T16:19:00.4384639+03:00" endTime="2017-08-27T16:19:00.4980060+03:00" testType="13cdc9d9-ddb5-4fa4-a97d-d965ccfc6d4b" outcome="Passed" testListId="8c84fa94-04c1-424b-9868-57a2d4851a1d" relativeResultsDirectory="ffb83ea8-7d4a-4876-a2e5-a199fa0bbf55">
      <Output>
        <StdOut>123 TEst</StdOut>
      </Output>
    </UnitTestResult>
    <UnitTestResult executionId="43ca2fd2-e12d-471f-bcca-09c2f99a1cbd" testId="14d35489-1844-4de7-a465-8e05233794c6" testName="Test4 (1)" computerName="DESKTOP-J92RQ9N" duration="00:00:00.0000069" startTime="2017-08-27T16:19:00.5075317+03:00" endTime="2017-08-27T16:19:00.5075317+03:00" testType="13cdc9d9-ddb5-4fa4-a97d-d965ccfc6d4b" outcome="Passed" testListId="8c84fa94-04c1-424b-9868-57a2d4851a1d" relativeResultsDirectory="43ca2fd2-e12d-471f-bcca-09c2f99a1cbd">
      <Output>
        <StdOut>123 TEst</StdOut>
      </Output>
    </UnitTestResult>
    <UnitTestResult executionId="55223626-2982-4f60-b550-0f73812fe3c0" testId="0b5d9587-599d-4383-bf62-221e59022e4a" testName="Test4 (2)" computerName="DESKTOP-J92RQ9N" duration="00:00:00.0000013" startTime="2017-08-27T16:19:00.5075317+03:00" endTime="2017-08-27T16:19:00.5075317+03:00" testType="13cdc9d9-ddb5-4fa4-a97d-d965ccfc6d4b" outcome="Passed" testListId="8c84fa94-04c1-424b-9868-57a2d4851a1d" relativeResultsDirectory="55223626-2982-4f60-b550-0f73812fe3c0">
      <Output>
        <StdOut>123 TEst</StdOut>
      </Output>
    </UnitTestResult>
  </Results>
  <TestDefinitions>
    <UnitTest name="Test4 (1)" storage="d:\visual studio 2015\projects\browsertestadapter\tests\bin\debug\tests.dll" id="fe8f30a8-de6c-43e4-a1dd-cb09a51c573c">
      <Execution id="b5d86130-6a61-4858-b4e1-202c8b322539" />
      <TestMethod codeBase="D:\Visual Studio 2015\Projects\BrowserTestAdapter\Tests\bin\Debug\Tests.dll" adapterTypeName="Microsoft.VisualStudio.TestTools.TestTypes.Unit.UnitTestAdapter" className="Tests.Class1" name="Test4 (1)" />
    </UnitTest>
    <UnitTest name="Test4 (2)" storage="d:\visual studio 2015\projects\browsertestadapter\tests\bin\debug\tests.dll" id="74e5a1ee-166f-4289-8449-ef3d6cb46711">
      <Execution id="ffb83ea8-7d4a-4876-a2e5-a199fa0bbf55" />
      <TestMethod codeBase="D:\Visual Studio 2015\Projects\BrowserTestAdapter\Tests\bin\Debug\Tests.dll" adapterTypeName="Microsoft.VisualStudio.TestTools.TestTypes.Unit.UnitTestAdapter" className="Tests.Class1" name="Test4 (2)" />
    </UnitTest>
    <UnitTest name="Test4 (1)" storage="d:\visual studio 2015\projects\browsertestadapter\tests\bin\debug\tests.dll" id="14d35489-1844-4de7-a465-8e05233794c6">
      <Execution id="43ca2fd2-e12d-471f-bcca-09c2f99a1cbd" />
      <TestMethod codeBase="D:\Visual Studio 2015\Projects\BrowserTestAdapter\Tests\bin\Debug\Tests.dll" adapterTypeName="Microsoft.VisualStudio.TestTools.TestTypes.Unit.UnitTestAdapter" className="Tests.Class1" name="Test4 (1)" />
    </UnitTest>
    <UnitTest name="Test4 (2)" storage="d:\visual studio 2015\projects\browsertestadapter\tests\bin\debug\tests.dll" id="0b5d9587-599d-4383-bf62-221e59022e4a">
      <Execution id="55223626-2982-4f60-b550-0f73812fe3c0" />
      <TestMethod codeBase="D:\Visual Studio 2015\Projects\BrowserTestAdapter\Tests\bin\Debug\Tests.dll" adapterTypeName="Microsoft.VisualStudio.TestTools.TestTypes.Unit.UnitTestAdapter" className="Tests.Class1" name="Test4 (2)" />
    </UnitTest>
  </TestDefinitions>
  <TestEntries>
    <TestEntry testId="fe8f30a8-de6c-43e4-a1dd-cb09a51c573c" executionId="b5d86130-6a61-4858-b4e1-202c8b322539" testListId="8c84fa94-04c1-424b-9868-57a2d4851a1d" />
    <TestEntry testId="74e5a1ee-166f-4289-8449-ef3d6cb46711" executionId="ffb83ea8-7d4a-4876-a2e5-a199fa0bbf55" testListId="8c84fa94-04c1-424b-9868-57a2d4851a1d" />
    <TestEntry testId="14d35489-1844-4de7-a465-8e05233794c6" executionId="43ca2fd2-e12d-471f-bcca-09c2f99a1cbd" testListId="8c84fa94-04c1-424b-9868-57a2d4851a1d" />
    <TestEntry testId="0b5d9587-599d-4383-bf62-221e59022e4a" executionId="55223626-2982-4f60-b550-0f73812fe3c0" testListId="8c84fa94-04c1-424b-9868-57a2d4851a1d" />
  </TestEntries>
  <TestLists>
    <TestList name="Results Not in a List" id="8c84fa94-04c1-424b-9868-57a2d4851a1d" />
    <TestList name="All Loaded Results" id="19431567-8539-422a-85d7-44ee4e166bda" />
  </TestLists>
  <ResultSummary outcome="Completed">
    <Counters total="4" executed="4" passed="4" failed="0" error="0" timeout="0" aborted="0" inconclusive="0" passedButRunAborted="0" notRunnable="0" notExecuted="0" disconnected="0" warning="0" completed="0" inProgress="0" pending="0" />
  </ResultSummary>
</TestRun>