<?xml version="1.0" encoding="UTF-8"?>
<TestRun id="42d7df18-3919-4e04-9dc0-11ce768a2faf" name="1@DESKTOP-J92RQ9N 2017-09-23 22:18:27" runUser="DESKTOP-J92RQ9N\1" xmlns="http://microsoft.com/schemas/VisualStudio/TeamTest/2010">
  <Times creation="2017-09-23T22:18:27.1802293+03:00" queuing="2017-09-23T22:18:27.1802293+03:00" start="2017-09-23T22:18:23.8106358+03:00" finish="2017-09-23T22:18:55.3051309+03:00" />
  <TestSettings name="default" id="696a9237-0b85-41a1-9fd4-10eab620ea5f">
    <Deployment runDeploymentRoot="1_DESKTOP-J92RQ9N 2017-09-23 22_18_27" />
  </TestSettings>
  <Results>
    <UnitTestResult executionId="25ffccd8-0d40-4011-9b47-f7683aee8306" testId="99f83280-3b41-c07c-9612-c7794a4e95c6" testName="Test1" computerName="DESKTOP-J92RQ9N" duration="00:00:00.0124615" startTime="2017-09-23T22:18:26.8187254+03:00" endTime="2017-09-23T22:18:27.1142301+03:00" testType="13cdc9d9-ddb5-4fa4-a97d-d965ccfc6d4b" outcome="Passed" testListId="8c84fa94-04c1-424b-9868-57a2d4851a1d" relativeResultsDirectory="25ffccd8-0d40-4011-9b47-f7683aee8306">
      <Output>
        <StdOut>123 TEst1</StdOut>
      </Output>
    </UnitTestResult>
    <UnitTestResult executionId="eb04ad4e-1ec5-4ea4-8c61-3f33e5322243" testId="727b525c-719e-134c-20b8-7a65f94cd1aa" testName="Test2" computerName="DESKTOP-J92RQ9N" duration="00:00:00.0001240" startTime="2017-09-23T22:18:27.1152242+03:00" endTime="2017-09-23T22:18:27.1172252+03:00" testType="13cdc9d9-ddb5-4fa4-a97d-d965ccfc6d4b" outcome="Passed" testListId="8c84fa94-04c1-424b-9868-57a2d4851a1d" relativeResultsDirectory="eb04ad4e-1ec5-4ea4-8c61-3f33e5322243" />
    <UnitTestResult executionId="b97fb926-4f72-442f-92a4-90b65a637f17" testId="520802d2-4c77-4cb2-4011-c42772a34e5f" testName="Test3" computerName="DESKTOP-J92RQ9N" duration="00:00:00.0002052" startTime="2017-09-23T22:18:27.1182245+03:00" endTime="2017-09-23T22:18:27.1207265+03:00" testType="13cdc9d9-ddb5-4fa4-a97d-d965ccfc6d4b" outcome="Passed" testListId="8c84fa94-04c1-424b-9868-57a2d4851a1d" relativeResultsDirectory="b97fb926-4f72-442f-92a4-90b65a637f17">
      <Output>
        <StdOut>123 TEst3</StdOut>
      </Output>
    </UnitTestResult>
    <UnitTestResult executionId="6b7b1ab5-b095-483b-b134-b2e1187d3250" testId="ffcc37af-323e-4f24-b718-3c45a56d1f5b" testName="Test4 (Data Row 0)" computerName="DESKTOP-J92RQ9N" duration="00:00:00.0004576" startTime="2017-09-23T19:18:55.1396299+03:00" endTime="2017-09-23T19:18:55.1406301+03:00" testType="13cdc9d9-ddb5-4fa4-a97d-d965ccfc6d4b" outcome="Passed" testListId="8c84fa94-04c1-424b-9868-57a2d4851a1d" relativeResultsDirectory="6b7b1ab5-b095-483b-b134-b2e1187d3250">
      <Output>
        <StdOut>/Fields
123 TEst</StdOut>
      </Output>
    </UnitTestResult>
  </Results>
  <TestDefinitions>
    <UnitTest name="Test1" storage="d:\visual studio 2015\projects\browsertestadapter\tests\bin\debug\tests.dll" id="99f83280-3b41-c07c-9612-c7794a4e95c6">
      <Execution id="25ffccd8-0d40-4011-9b47-f7683aee8306" />
      <TestMethod codeBase="D:\Visual Studio 2015\Projects\BrowserTestAdapter\Tests\bin\Debug\Tests.dll" executorUriOfAdapter="executor://mstestadapter/v1" className="Tests.Class1" name="Test1" />
    </UnitTest>
    <UnitTest name="Test2" storage="d:\visual studio 2015\projects\browsertestadapter\tests\bin\debug\tests.dll" id="727b525c-719e-134c-20b8-7a65f94cd1aa">
      <Execution id="eb04ad4e-1ec5-4ea4-8c61-3f33e5322243" />
      <TestMethod codeBase="D:\Visual Studio 2015\Projects\BrowserTestAdapter\Tests\bin\Debug\Tests.dll" executorUriOfAdapter="executor://mstestadapter/v1" className="Tests.Class1" name="Test2" />
    </UnitTest>
    <UnitTest name="Test3" storage="d:\visual studio 2015\projects\browsertestadapter\tests\bin\debug\tests.dll" id="520802d2-4c77-4cb2-4011-c42772a34e5f">
      <Execution id="b97fb926-4f72-442f-92a4-90b65a637f17" />
      <TestMethod codeBase="D:\Visual Studio 2015\Projects\BrowserTestAdapter\Tests\bin\Debug\Tests.dll" executorUriOfAdapter="executor://mstestadapter/v1" className="Tests.Class1" name="Test3" />
    </UnitTest>
    <UnitTest name="Test4 (Data Row 0)" storage="d:\visual studio 2015\projects\browsertestadapter\tests\bin\debug\tests.dll" priority="1" id="ffcc37af-323e-4f24-b718-3c45a56d1f5b">
      <TestCategory>
        <TestCategoryItem TestCategory="Khepri" />
      </TestCategory>
      <Execution id="6b7b1ab5-b095-483b-b134-b2e1187d3250" />
      <TestMethod codeBase="D:\Visual Studio 2015\Projects\BrowserTestAdapter\Tests\bin\Debug\Tests.dll" executorUriOfAdapter="executor://mstestadapter/v1" className="Tests.Class1" name="Test4 (Data Row 0)" />
    </UnitTest>
  </TestDefinitions>
  <TestEntries>
    <TestEntry testId="99f83280-3b41-c07c-9612-c7794a4e95c6" executionId="25ffccd8-0d40-4011-9b47-f7683aee8306" testListId="8c84fa94-04c1-424b-9868-57a2d4851a1d" />
    <TestEntry testId="727b525c-719e-134c-20b8-7a65f94cd1aa" executionId="eb04ad4e-1ec5-4ea4-8c61-3f33e5322243" testListId="8c84fa94-04c1-424b-9868-57a2d4851a1d" />
    <TestEntry testId="520802d2-4c77-4cb2-4011-c42772a34e5f" executionId="b97fb926-4f72-442f-92a4-90b65a637f17" testListId="8c84fa94-04c1-424b-9868-57a2d4851a1d" />
    <TestEntry testId="ffcc37af-323e-4f24-b718-3c45a56d1f5b" executionId="6b7b1ab5-b095-483b-b134-b2e1187d3250" testListId="8c84fa94-04c1-424b-9868-57a2d4851a1d" />
  </TestEntries>
  <TestLists>
    <TestList name="Results Not in a List" id="8c84fa94-04c1-424b-9868-57a2d4851a1d" />
    <TestList name="All Loaded Results" id="19431567-8539-422a-85d7-44ee4e166bda" />
  </TestLists>
  <ResultSummary outcome="Completed">
    <Counters total="4" executed="4" passed="4" failed="0" error="0" timeout="0" aborted="0" inconclusive="0" passedButRunAborted="0" notRunnable="0" notExecuted="0" disconnected="0" warning="0" completed="0" inProgress="0" pending="0" />
  </ResultSummary>
</TestRun>