<?xml version="1.0" encoding="UTF-8"?>
<TestRun id="41f392d7-c2b5-478a-aaf3-42f2fcb6a1fd" name="1@DESKTOP-J92RQ9N 2017-09-23 22:14:04" runUser="DESKTOP-J92RQ9N\1" xmlns="http://microsoft.com/schemas/VisualStudio/TeamTest/2010">
  <Times creation="2017-09-23T22:14:04.7360785+03:00" queuing="2017-09-23T22:14:04.7360785+03:00" start="2017-09-23T22:13:59.9258779+03:00" finish="2017-09-23T22:14:34.0350728+03:00" />
  <TestSettings name="default" id="b8ba62de-9141-40c6-b8a2-72258ca6155f">
    <Deployment runDeploymentRoot="1_DESKTOP-J92RQ9N 2017-09-23 22_14_04" />
  </TestSettings>
  <Results>
    <UnitTestResult executionId="3eb4a6a2-6a8e-43ef-b7b2-50e36bb65df0" testId="99f83280-3b41-c07c-9612-c7794a4e95c6" testName="Test1" computerName="DESKTOP-J92RQ9N" duration="00:00:00.0118480" startTime="2017-09-23T22:14:04.3935610+03:00" endTime="2017-09-23T22:14:04.6885665+03:00" testType="13cdc9d9-ddb5-4fa4-a97d-d965ccfc6d4b" outcome="Passed" testListId="8c84fa94-04c1-424b-9868-57a2d4851a1d" relativeResultsDirectory="3eb4a6a2-6a8e-43ef-b7b2-50e36bb65df0">
      <Output>
        <StdOut>123 TEst1</StdOut>
      </Output>
    </UnitTestResult>
    <UnitTestResult executionId="a4f1b61e-291d-47bf-b9e1-f67f672f9b5e" testId="727b525c-719e-134c-20b8-7a65f94cd1aa" testName="Test2" computerName="DESKTOP-J92RQ9N" duration="00:00:00.0001184" startTime="2017-09-23T22:14:04.6895672+03:00" endTime="2017-09-23T22:14:04.6915774+03:00" testType="13cdc9d9-ddb5-4fa4-a97d-d965ccfc6d4b" outcome="Passed" testListId="8c84fa94-04c1-424b-9868-57a2d4851a1d" relativeResultsDirectory="a4f1b61e-291d-47bf-b9e1-f67f672f9b5e" />
    <UnitTestResult executionId="fc537b9a-369d-472e-8b36-6aa2f167efda" testId="520802d2-4c77-4cb2-4011-c42772a34e5f" testName="Test3" computerName="DESKTOP-J92RQ9N" duration="00:00:00.0001413" startTime="2017-09-23T22:14:04.6925628+03:00" endTime="2017-09-23T22:14:04.6945679+03:00" testType="13cdc9d9-ddb5-4fa4-a97d-d965ccfc6d4b" outcome="Passed" testListId="8c84fa94-04c1-424b-9868-57a2d4851a1d" relativeResultsDirectory="fc537b9a-369d-472e-8b36-6aa2f167efda">
      <Output>
        <StdOut>123 TEst3</StdOut>
      </Output>
    </UnitTestResult>
    <UnitTestResult executionId="df796642-c8e1-43b7-9fce-e6a75acdd349" testId="b6cd1972-9c44-4d03-b381-09aa60bc62cc" testName="Test4 (Data Row 0)" computerName="DESKTOP-J92RQ9N" duration="00:00:00.0005486" startTime="2017-09-23T19:14:33.8467868+03:00" endTime="2017-09-23T19:14:33.8483063+03:00" testType="13cdc9d9-ddb5-4fa4-a97d-d965ccfc6d4b" outcome="Passed" testListId="8c84fa94-04c1-424b-9868-57a2d4851a1d" relativeResultsDirectory="df796642-c8e1-43b7-9fce-e6a75acdd349">
      <Output>
        <StdOut>/Fields
123 TEst</StdOut>
      </Output>
    </UnitTestResult>
  </Results>
  <TestDefinitions>
    <UnitTest name="Test1" storage="d:\visual studio 2015\projects\browsertestadapter\tests\bin\debug\tests.dll" id="99f83280-3b41-c07c-9612-c7794a4e95c6">
      <Execution id="3eb4a6a2-6a8e-43ef-b7b2-50e36bb65df0" />
      <TestMethod codeBase="D:\Visual Studio 2015\Projects\BrowserTestAdapter\Tests\bin\Debug\Tests.dll" executorUriOfAdapter="executor://mstestadapter/v1" className="Tests.Class1" name="Test1" />
    </UnitTest>
    <UnitTest name="Test2" storage="d:\visual studio 2015\projects\browsertestadapter\tests\bin\debug\tests.dll" id="727b525c-719e-134c-20b8-7a65f94cd1aa">
      <Execution id="a4f1b61e-291d-47bf-b9e1-f67f672f9b5e" />
      <TestMethod codeBase="D:\Visual Studio 2015\Projects\BrowserTestAdapter\Tests\bin\Debug\Tests.dll" executorUriOfAdapter="executor://mstestadapter/v1" className="Tests.Class1" name="Test2" />
    </UnitTest>
    <UnitTest name="Test3" storage="d:\visual studio 2015\projects\browsertestadapter\tests\bin\debug\tests.dll" id="520802d2-4c77-4cb2-4011-c42772a34e5f">
      <Execution id="fc537b9a-369d-472e-8b36-6aa2f167efda" />
      <TestMethod codeBase="D:\Visual Studio 2015\Projects\BrowserTestAdapter\Tests\bin\Debug\Tests.dll" executorUriOfAdapter="executor://mstestadapter/v1" className="Tests.Class1" name="Test3" />
    </UnitTest>
    <UnitTest name="Test4 (Data Row 0)" storage="d:\visual studio 2015\projects\browsertestadapter\tests\bin\debug\tests.dll" priority="1" id="b6cd1972-9c44-4d03-b381-09aa60bc62cc">
      <TestCategory>
        <TestCategoryItem TestCategory="Khepri" />
      </TestCategory>
      <Execution id="df796642-c8e1-43b7-9fce-e6a75acdd349" />
      <TestMethod codeBase="D:\Visual Studio 2015\Projects\BrowserTestAdapter\Tests\bin\Debug\Tests.dll" executorUriOfAdapter="executor://mstestadapter/v1" className="Tests.Class1" name="Test4 (Data Row 0)" />
    </UnitTest>
  </TestDefinitions>
  <TestEntries>
    <TestEntry testId="99f83280-3b41-c07c-9612-c7794a4e95c6" executionId="3eb4a6a2-6a8e-43ef-b7b2-50e36bb65df0" testListId="8c84fa94-04c1-424b-9868-57a2d4851a1d" />
    <TestEntry testId="727b525c-719e-134c-20b8-7a65f94cd1aa" executionId="a4f1b61e-291d-47bf-b9e1-f67f672f9b5e" testListId="8c84fa94-04c1-424b-9868-57a2d4851a1d" />
    <TestEntry testId="520802d2-4c77-4cb2-4011-c42772a34e5f" executionId="fc537b9a-369d-472e-8b36-6aa2f167efda" testListId="8c84fa94-04c1-424b-9868-57a2d4851a1d" />
    <TestEntry testId="b6cd1972-9c44-4d03-b381-09aa60bc62cc" executionId="df796642-c8e1-43b7-9fce-e6a75acdd349" testListId="8c84fa94-04c1-424b-9868-57a2d4851a1d" />
  </TestEntries>
  <TestLists>
    <TestList name="Results Not in a List" id="8c84fa94-04c1-424b-9868-57a2d4851a1d" />
    <TestList name="All Loaded Results" id="19431567-8539-422a-85d7-44ee4e166bda" />
  </TestLists>
  <ResultSummary outcome="Completed">
    <Counters total="4" executed="4" passed="4" failed="0" error="0" timeout="0" aborted="0" inconclusive="0" passedButRunAborted="0" notRunnable="0" notExecuted="0" disconnected="0" warning="0" completed="0" inProgress="0" pending="0" />
  </ResultSummary>
</TestRun>