<?xml version="1.0" encoding="UTF-8"?>
<TestRun id="cddf4c41-37ea-4919-9a15-323a9b508982" name="1@DESKTOP-J92RQ9N 2017-09-23 22:35:27" runUser="DESKTOP-J92RQ9N\1" xmlns="http://microsoft.com/schemas/VisualStudio/TeamTest/2010">
  <Times creation="2017-09-23T22:35:27.5672660+03:00" queuing="2017-09-23T22:35:27.5672660+03:00" start="2017-09-23T22:35:23.8498057+03:00" finish="2017-09-23T22:35:27.7447629+03:00" />
  <TestSettings name="default" id="033a80af-4aa3-431f-9829-fc0b2999f41d">
    <Deployment runDeploymentRoot="1_DESKTOP-J92RQ9N 2017-09-23 22_35_27" />
  </TestSettings>
  <Results>
    <UnitTestResult executionId="049b808b-f332-472c-a744-cbd4c8f2b3fa" testId="99f83280-3b41-c07c-9612-c7794a4e95c6" testName="Test1" computerName="DESKTOP-J92RQ9N" duration="00:00:00.0123570" startTime="2017-09-23T22:35:27.2102688+03:00" endTime="2017-09-23T22:35:27.5112743+03:00" testType="13cdc9d9-ddb5-4fa4-a97d-d965ccfc6d4b" outcome="Passed" testListId="8c84fa94-04c1-424b-9868-57a2d4851a1d" relativeResultsDirectory="049b808b-f332-472c-a744-cbd4c8f2b3fa">
      <Output>
        <StdOut>123 TEst1</StdOut>
      </Output>
    </UnitTestResult>
    <UnitTestResult executionId="ff00a51e-8520-4ddc-ba83-235824fbae42" testId="727b525c-719e-134c-20b8-7a65f94cd1aa" testName="Test2" computerName="DESKTOP-J92RQ9N" duration="00:00:00.0001143" startTime="2017-09-23T22:35:27.5127639+03:00" endTime="2017-09-23T22:35:27.5147630+03:00" testType="13cdc9d9-ddb5-4fa4-a97d-d965ccfc6d4b" outcome="Passed" testListId="8c84fa94-04c1-424b-9868-57a2d4851a1d" relativeResultsDirectory="ff00a51e-8520-4ddc-ba83-235824fbae42" />
    <UnitTestResult executionId="df229c07-0e5f-42df-87e9-83259dadf06d" testId="520802d2-4c77-4cb2-4011-c42772a34e5f" testName="Test3" computerName="DESKTOP-J92RQ9N" duration="00:00:00.0001240" startTime="2017-09-23T22:35:27.5157633+03:00" endTime="2017-09-23T22:35:27.5177642+03:00" testType="13cdc9d9-ddb5-4fa4-a97d-d965ccfc6d4b" outcome="Passed" testListId="8c84fa94-04c1-424b-9868-57a2d4851a1d" relativeResultsDirectory="df229c07-0e5f-42df-87e9-83259dadf06d">
      <Output>
        <StdOut>123 TEst3</StdOut>
      </Output>
    </UnitTestResult>
    <UnitTestResult executionId="c1497938-82b2-455f-a109-b271a4206677" testId="bfc0a21f-dac9-50ab-815c-3b063dd609fb" testName="Test4" computerName="DESKTOP-J92RQ9N" startTime="2017-09-23T22:35:27.5187645+03:00" endTime="2017-09-23T22:35:27.5712660+03:00" testType="13cdc9d9-ddb5-4fa4-a97d-d965ccfc6d4b" outcome="Failed" testListId="8c84fa94-04c1-424b-9868-57a2d4851a1d" relativeResultsDirectory="c1497938-82b2-455f-a109-b271a4206677">
      <Output>
        <ErrorInfo>
          <Message>The unit test adapter failed to connect to the data source or to read the data. For more information on troubleshooting this error, see "Troubleshooting Data-Driven Unit Tests" (https://go.microsoft.com/fwlink/?LinkId=62412) in the MSDN Library.
Error details: Could not load file or assembly 'Microsoft.TeamFoundation.TestManagement.Controller, PublicKeyToken=b03f5f7f11d50a3a' or one of its dependencies. The system cannot find the file specified.</Message>
        </ErrorInfo>
      </Output>
    </UnitTestResult>
  </Results>
  <TestDefinitions>
    <UnitTest name="Test1" storage="d:\visual studio 2015\projects\browsertestadapter\tests\bin\debug\tests.dll" id="99f83280-3b41-c07c-9612-c7794a4e95c6">
      <Execution id="049b808b-f332-472c-a744-cbd4c8f2b3fa" />
      <TestMethod codeBase="D:\Visual Studio 2015\Projects\BrowserTestAdapter\Tests\bin\Debug\Tests.dll" executorUriOfAdapter="executor://mstestadapter/v1" className="Tests.Class1" name="Test1" />
    </UnitTest>
    <UnitTest name="Test2" storage="d:\visual studio 2015\projects\browsertestadapter\tests\bin\debug\tests.dll" id="727b525c-719e-134c-20b8-7a65f94cd1aa">
      <Execution id="ff00a51e-8520-4ddc-ba83-235824fbae42" />
      <TestMethod codeBase="D:\Visual Studio 2015\Projects\BrowserTestAdapter\Tests\bin\Debug\Tests.dll" executorUriOfAdapter="executor://mstestadapter/v1" className="Tests.Class1" name="Test2" />
    </UnitTest>
    <UnitTest name="Test3" storage="d:\visual studio 2015\projects\browsertestadapter\tests\bin\debug\tests.dll" id="520802d2-4c77-4cb2-4011-c42772a34e5f">
      <Execution id="df229c07-0e5f-42df-87e9-83259dadf06d" />
      <TestMethod codeBase="D:\Visual Studio 2015\Projects\BrowserTestAdapter\Tests\bin\Debug\Tests.dll" executorUriOfAdapter="executor://mstestadapter/v1" className="Tests.Class1" name="Test3" />
    </UnitTest>
    <UnitTest name="Test4" storage="d:\visual studio 2015\projects\browsertestadapter\tests\bin\debug\tests.dll" priority="1" id="bfc0a21f-dac9-50ab-815c-3b063dd609fb">
      <TestCategory>
        <TestCategoryItem TestCategory="Khepri" />
      </TestCategory>
      <Execution id="c1497938-82b2-455f-a109-b271a4206677" />
      <TestMethod codeBase="D:\Visual Studio 2015\Projects\BrowserTestAdapter\Tests\bin\Debug\Tests.dll" executorUriOfAdapter="executor://mstestadapter/v1" className="Tests.Class1" name="Test4" />
    </UnitTest>
  </TestDefinitions>
  <TestEntries>
    <TestEntry testId="99f83280-3b41-c07c-9612-c7794a4e95c6" executionId="049b808b-f332-472c-a744-cbd4c8f2b3fa" testListId="8c84fa94-04c1-424b-9868-57a2d4851a1d" />
    <TestEntry testId="727b525c-719e-134c-20b8-7a65f94cd1aa" executionId="ff00a51e-8520-4ddc-ba83-235824fbae42" testListId="8c84fa94-04c1-424b-9868-57a2d4851a1d" />
    <TestEntry testId="520802d2-4c77-4cb2-4011-c42772a34e5f" executionId="df229c07-0e5f-42df-87e9-83259dadf06d" testListId="8c84fa94-04c1-424b-9868-57a2d4851a1d" />
    <TestEntry testId="bfc0a21f-dac9-50ab-815c-3b063dd609fb" executionId="c1497938-82b2-455f-a109-b271a4206677" testListId="8c84fa94-04c1-424b-9868-57a2d4851a1d" />
  </TestEntries>
  <TestLists>
    <TestList name="Results Not in a List" id="8c84fa94-04c1-424b-9868-57a2d4851a1d" />
    <TestList name="All Loaded Results" id="19431567-8539-422a-85d7-44ee4e166bda" />
  </TestLists>
  <ResultSummary outcome="Failed">
    <Counters total="4" executed="4" passed="3" failed="1" error="0" timeout="0" aborted="0" inconclusive="0" passedButRunAborted="0" notRunnable="0" notExecuted="0" disconnected="0" warning="0" completed="0" inProgress="0" pending="0" />
  </ResultSummary>
</TestRun>