<?xml version="1.0" encoding="UTF-8"?>
<TestRun id="7080029e-32e1-4438-acba-a18b0114ba9c" name="1@DESKTOP-J92RQ9N 2017-09-10 23:50:03" runUser="DESKTOP-J92RQ9N\1" xmlns="http://microsoft.com/schemas/VisualStudio/TeamTest/2010">
  <Times creation="2017-09-10T23:50:03.2965271+03:00" queuing="2017-09-10T23:50:03.2965271+03:00" start="2017-09-10T23:50:00.2102499+03:00" finish="2017-09-10T23:50:29.3116712+03:00" />
  <TestSettings name="default" id="ad78de1d-fc45-4ab0-8285-8a314bcf45dc">
    <Execution>
      <TestTypeSpecific />
    </Execution>
    <Deployment runDeploymentRoot="1_DESKTOP-J92RQ9N 2017-09-10 23_50_03" />
    <Properties />
  </TestSettings>
  <Results>
    <UnitTestResult executionId="9631b616-1668-40b3-9ca6-11a0df2a9603" testId="99f83280-3b41-c07c-9612-c7794a4e95c6" testName="Test1" computerName="DESKTOP-J92RQ9N" duration="00:00:00.0113423" startTime="2017-09-10T23:50:01.5359150+03:00" endTime="2017-09-10T23:50:01.7935662+03:00" testType="13cdc9d9-ddb5-4fa4-a97d-d965ccfc6d4b" outcome="Passed" testListId="8c84fa94-04c1-424b-9868-57a2d4851a1d" relativeResultsDirectory="9631b616-1668-40b3-9ca6-11a0df2a9603">
      <Output>
        <StdOut>123 TEst1</StdOut>
      </Output>
    </UnitTestResult>
    <UnitTestResult executionId="c9a47a6e-9c68-4443-8fba-5184f73173a2" testId="727b525c-719e-134c-20b8-7a65f94cd1aa" testName="Test2" computerName="DESKTOP-J92RQ9N" duration="00:00:00.0001021" startTime="2017-09-10T23:50:01.7945539+03:00" endTime="2017-09-10T23:50:01.7955560+03:00" testType="13cdc9d9-ddb5-4fa4-a97d-d965ccfc6d4b" outcome="Passed" testListId="8c84fa94-04c1-424b-9868-57a2d4851a1d" relativeResultsDirectory="c9a47a6e-9c68-4443-8fba-5184f73173a2" />
    <UnitTestResult executionId="9449aa17-fcda-4139-8130-5aaf7fd00703" testId="520802d2-4c77-4cb2-4011-c42772a34e5f" testName="Test3" computerName="DESKTOP-J92RQ9N" duration="00:00:00.0001119" startTime="2017-09-10T23:50:01.7965791+03:00" endTime="2017-09-10T23:50:01.7985698+03:00" testType="13cdc9d9-ddb5-4fa4-a97d-d965ccfc6d4b" outcome="Passed" testListId="8c84fa94-04c1-424b-9868-57a2d4851a1d" relativeResultsDirectory="9449aa17-fcda-4139-8130-5aaf7fd00703">
      <Output>
        <StdOut>123 TEst3</StdOut>
      </Output>
    </UnitTestResult>
    <UnitTestResult executionId="53c4ab84-297c-4a28-81a6-9ece0c87a06d" testId="d264f128-4fb1-4dc5-857f-88111b9b6c23" testName="Test4 (Data Row 0)" computerName="DESKTOP-J92RQ9N" duration="00:00:00.0004492" startTime="2017-09-10T20:50:29.1311382+03:00" endTime="2017-09-10T20:50:29.1321282+03:00" testType="13cdc9d9-ddb5-4fa4-a97d-d965ccfc6d4b" outcome="Passed" testListId="8c84fa94-04c1-424b-9868-57a2d4851a1d" relativeResultsDirectory="53c4ab84-297c-4a28-81a6-9ece0c87a06d">
      <Output>
        <StdOut>/Fields
123 TEst</StdOut>
      </Output>
    </UnitTestResult>
  </Results>
  <TestDefinitions>
    <UnitTest name="Test1" storage="d:\visual studio 2015\projects\browsertestadapter\tests\bin\debug\tests.dll" id="99f83280-3b41-c07c-9612-c7794a4e95c6">
      <Execution id="9631b616-1668-40b3-9ca6-11a0df2a9603" />
      <TestMethod codeBase="D:\Visual Studio 2015\Projects\BrowserTestAdapter\Tests\bin\Debug\Tests.dll" adapterTypeName="Microsoft.VisualStudio.TestTools.TestTypes.Unit.UnitTestAdapter" className="Tests.Class1" name="Test1" />
    </UnitTest>
    <UnitTest name="Test2" storage="d:\visual studio 2015\projects\browsertestadapter\tests\bin\debug\tests.dll" id="727b525c-719e-134c-20b8-7a65f94cd1aa">
      <Execution id="c9a47a6e-9c68-4443-8fba-5184f73173a2" />
      <TestMethod codeBase="D:\Visual Studio 2015\Projects\BrowserTestAdapter\Tests\bin\Debug\Tests.dll" adapterTypeName="Microsoft.VisualStudio.TestTools.TestTypes.Unit.UnitTestAdapter" className="Tests.Class1" name="Test2" />
    </UnitTest>
    <UnitTest name="Test3" storage="d:\visual studio 2015\projects\browsertestadapter\tests\bin\debug\tests.dll" id="520802d2-4c77-4cb2-4011-c42772a34e5f">
      <Execution id="9449aa17-fcda-4139-8130-5aaf7fd00703" />
      <TestMethod codeBase="D:\Visual Studio 2015\Projects\BrowserTestAdapter\Tests\bin\Debug\Tests.dll" adapterTypeName="Microsoft.VisualStudio.TestTools.TestTypes.Unit.UnitTestAdapter" className="Tests.Class1" name="Test3" />
    </UnitTest>
    <UnitTest name="Test4 (Data Row 0)" storage="d:\visual studio 2015\projects\browsertestadapter\tests\bin\debug\tests.dll" priority="1" id="d264f128-4fb1-4dc5-857f-88111b9b6c23">
      <TestCategory>
        <TestCategoryItem TestCategory="Khepri" />
      </TestCategory>
      <Execution id="53c4ab84-297c-4a28-81a6-9ece0c87a06d" />
      <TestMethod codeBase="D:\Visual Studio 2015\Projects\BrowserTestAdapter\Tests\bin\Debug\Tests.dll" adapterTypeName="Microsoft.VisualStudio.TestTools.TestTypes.Unit.UnitTestAdapter" className="Tests.Class1" name="Test4 (Data Row 0)" />
    </UnitTest>
  </TestDefinitions>
  <TestEntries>
    <TestEntry testId="99f83280-3b41-c07c-9612-c7794a4e95c6" executionId="9631b616-1668-40b3-9ca6-11a0df2a9603" testListId="8c84fa94-04c1-424b-9868-57a2d4851a1d" />
    <TestEntry testId="727b525c-719e-134c-20b8-7a65f94cd1aa" executionId="c9a47a6e-9c68-4443-8fba-5184f73173a2" testListId="8c84fa94-04c1-424b-9868-57a2d4851a1d" />
    <TestEntry testId="520802d2-4c77-4cb2-4011-c42772a34e5f" executionId="9449aa17-fcda-4139-8130-5aaf7fd00703" testListId="8c84fa94-04c1-424b-9868-57a2d4851a1d" />
    <TestEntry testId="d264f128-4fb1-4dc5-857f-88111b9b6c23" executionId="53c4ab84-297c-4a28-81a6-9ece0c87a06d" testListId="8c84fa94-04c1-424b-9868-57a2d4851a1d" />
  </TestEntries>
  <TestLists>
    <TestList name="Results Not in a List" id="8c84fa94-04c1-424b-9868-57a2d4851a1d" />
    <TestList name="All Loaded Results" id="19431567-8539-422a-85d7-44ee4e166bda" />
  </TestLists>
  <ResultSummary outcome="Failed">
    <Counters total="4" executed="4" passed="4" failed="0" error="0" timeout="0" aborted="0" inconclusive="0" passedButRunAborted="0" notRunnable="0" notExecuted="0" disconnected="0" warning="0" completed="0" inProgress="0" pending="0" />
    <RunInfos>
      <RunInfo computerName="DESKTOP-J92RQ9N" outcome="Error" timestamp="2017-09-10T23:50:00.3218743+03:00">
        <Text>An exception occurred while invoking executor 'executor://msappcontainertestadapter/v1': Could not load type 'Microsoft.VisualStudio.TestPlatform.Common.UAPConstants' from assembly 'Microsoft.VisualStudio.TestPlatform.Common, Version=15.0.0.0, Culture=neutral, PublicKeyToken=b03f5f7f11d50a3a'.</Text>
      </RunInfo>
    </RunInfos>
  </ResultSummary>
</TestRun>