<?xml version="1.0" encoding="UTF-8"?>
<TestRun id="41af9a59-8e69-432c-8565-e4be13cff22d" name="1@DESKTOP-J92RQ9N 2017-09-10 23:07:48" runUser="DESKTOP-J92RQ9N\1" xmlns="http://microsoft.com/schemas/VisualStudio/TeamTest/2010">
  <Times creation="2017-09-10T23:07:48.8374137+03:00" queuing="2017-09-10T23:07:48.8374137+03:00" start="2017-09-10T23:07:47.2664022+03:00" finish="2017-09-10T23:08:16.2781933+03:00" />
  <TestSettings name="default" id="0121a792-0e55-49d2-bcbd-c4e023b413a0">
    <Execution>
      <TestTypeSpecific />
    </Execution>
    <Deployment runDeploymentRoot="1_DESKTOP-J92RQ9N 2017-09-10 23_07_48" />
    <Properties />
  </TestSettings>
  <Results>
    <UnitTestResult executionId="0dee66f1-86c4-4510-9eb7-ab026c228fe7" testId="99f83280-3b41-c07c-9612-c7794a4e95c6" testName="Test1" computerName="DESKTOP-J92RQ9N" duration="00:00:00.0110148" startTime="2017-09-10T23:07:48.4842825+03:00" endTime="2017-09-10T23:07:48.7648414+03:00" testType="13cdc9d9-ddb5-4fa4-a97d-d965ccfc6d4b" outcome="Passed" testListId="8c84fa94-04c1-424b-9868-57a2d4851a1d" relativeResultsDirectory="0dee66f1-86c4-4510-9eb7-ab026c228fe7">
      <Output>
        <StdOut>123 TEst1</StdOut>
      </Output>
    </UnitTestResult>
    <UnitTestResult executionId="0862d064-c351-4a17-b660-f88ae6cb7592" testId="727b525c-719e-134c-20b8-7a65f94cd1aa" testName="Test2" computerName="DESKTOP-J92RQ9N" duration="00:00:00.0001017" startTime="2017-09-10T23:07:48.7658416+03:00" endTime="2017-09-10T23:07:48.7678435+03:00" testType="13cdc9d9-ddb5-4fa4-a97d-d965ccfc6d4b" outcome="Passed" testListId="8c84fa94-04c1-424b-9868-57a2d4851a1d" relativeResultsDirectory="0862d064-c351-4a17-b660-f88ae6cb7592" />
    <UnitTestResult executionId="22f9e6ee-4665-4220-bc8d-7c6f2939ea23" testId="520802d2-4c77-4cb2-4011-c42772a34e5f" testName="Test3" computerName="DESKTOP-J92RQ9N" duration="00:00:00.0001357" startTime="2017-09-10T23:07:48.7683469+03:00" endTime="2017-09-10T23:07:48.7693444+03:00" testType="13cdc9d9-ddb5-4fa4-a97d-d965ccfc6d4b" outcome="Passed" testListId="8c84fa94-04c1-424b-9868-57a2d4851a1d" relativeResultsDirectory="22f9e6ee-4665-4220-bc8d-7c6f2939ea23">
      <Output>
        <StdOut>123 TEst3</StdOut>
      </Output>
    </UnitTestResult>
    <UnitTestResult executionId="19f36682-12b7-4797-9253-48fb3b97f3e7" testId="5e00e492-263e-45a5-88e2-7b664d2b2d3d" testName="Test4 (Data Row 0)" computerName="DESKTOP-J92RQ9N" duration="00:00:00.0003811" startTime="2017-09-10T20:08:16.0995642+03:00" endTime="2017-09-10T20:08:16.1005481+03:00" testType="13cdc9d9-ddb5-4fa4-a97d-d965ccfc6d4b" outcome="Passed" testListId="8c84fa94-04c1-424b-9868-57a2d4851a1d" relativeResultsDirectory="19f36682-12b7-4797-9253-48fb3b97f3e7">
      <Output>
        <StdOut>/Fields
123 TEst</StdOut>
      </Output>
    </UnitTestResult>
  </Results>
  <TestDefinitions>
    <UnitTest name="Test1" storage="d:\visual studio 2015\projects\browsertestadapter\tests\bin\debug\tests.dll" id="99f83280-3b41-c07c-9612-c7794a4e95c6">
      <Execution id="0dee66f1-86c4-4510-9eb7-ab026c228fe7" />
      <TestMethod codeBase="D:\Visual Studio 2015\Projects\BrowserTestAdapter\Tests\bin\Debug\Tests.dll" adapterTypeName="Microsoft.VisualStudio.TestTools.TestTypes.Unit.UnitTestAdapter" className="Tests.Class1" name="Test1" />
    </UnitTest>
    <UnitTest name="Test2" storage="d:\visual studio 2015\projects\browsertestadapter\tests\bin\debug\tests.dll" id="727b525c-719e-134c-20b8-7a65f94cd1aa">
      <Execution id="0862d064-c351-4a17-b660-f88ae6cb7592" />
      <TestMethod codeBase="D:\Visual Studio 2015\Projects\BrowserTestAdapter\Tests\bin\Debug\Tests.dll" adapterTypeName="Microsoft.VisualStudio.TestTools.TestTypes.Unit.UnitTestAdapter" className="Tests.Class1" name="Test2" />
    </UnitTest>
    <UnitTest name="Test3" storage="d:\visual studio 2015\projects\browsertestadapter\tests\bin\debug\tests.dll" id="520802d2-4c77-4cb2-4011-c42772a34e5f">
      <Execution id="22f9e6ee-4665-4220-bc8d-7c6f2939ea23" />
      <TestMethod codeBase="D:\Visual Studio 2015\Projects\BrowserTestAdapter\Tests\bin\Debug\Tests.dll" adapterTypeName="Microsoft.VisualStudio.TestTools.TestTypes.Unit.UnitTestAdapter" className="Tests.Class1" name="Test3" />
    </UnitTest>
    <UnitTest name="Test4 (Data Row 0)" storage="d:\visual studio 2015\projects\browsertestadapter\tests\bin\debug\tests.dll" priority="1" id="5e00e492-263e-45a5-88e2-7b664d2b2d3d">
      <TestCategory>
        <TestCategoryItem TestCategory="Khepri" />
      </TestCategory>
      <Execution id="19f36682-12b7-4797-9253-48fb3b97f3e7" />
      <TestMethod codeBase="D:\Visual Studio 2015\Projects\BrowserTestAdapter\Tests\bin\Debug\Tests.dll" adapterTypeName="Microsoft.VisualStudio.TestTools.TestTypes.Unit.UnitTestAdapter" className="Tests.Class1" name="Test4 (Data Row 0)" />
    </UnitTest>
  </TestDefinitions>
  <TestEntries>
    <TestEntry testId="99f83280-3b41-c07c-9612-c7794a4e95c6" executionId="0dee66f1-86c4-4510-9eb7-ab026c228fe7" testListId="8c84fa94-04c1-424b-9868-57a2d4851a1d" />
    <TestEntry testId="727b525c-719e-134c-20b8-7a65f94cd1aa" executionId="0862d064-c351-4a17-b660-f88ae6cb7592" testListId="8c84fa94-04c1-424b-9868-57a2d4851a1d" />
    <TestEntry testId="520802d2-4c77-4cb2-4011-c42772a34e5f" executionId="22f9e6ee-4665-4220-bc8d-7c6f2939ea23" testListId="8c84fa94-04c1-424b-9868-57a2d4851a1d" />
    <TestEntry testId="5e00e492-263e-45a5-88e2-7b664d2b2d3d" executionId="19f36682-12b7-4797-9253-48fb3b97f3e7" testListId="8c84fa94-04c1-424b-9868-57a2d4851a1d" />
  </TestEntries>
  <TestLists>
    <TestList name="Results Not in a List" id="8c84fa94-04c1-424b-9868-57a2d4851a1d" />
    <TestList name="All Loaded Results" id="19431567-8539-422a-85d7-44ee4e166bda" />
  </TestLists>
  <ResultSummary outcome="Completed">
    <Counters total="4" executed="4" passed="4" failed="0" error="0" timeout="0" aborted="0" inconclusive="0" passedButRunAborted="0" notRunnable="0" notExecuted="0" disconnected="0" warning="0" completed="0" inProgress="0" pending="0" />
  </ResultSummary>
</TestRun>