<?xml version="1.0" encoding="UTF-8"?>
<TestRun id="83d4faae-dff9-40f0-acad-667eadb4ef9f" name="1@DESKTOP-J92RQ9N 2017-09-10 23:11:53" runUser="DESKTOP-J92RQ9N\1" xmlns="http://microsoft.com/schemas/VisualStudio/TeamTest/2010">
  <Times creation="2017-09-10T23:11:53.2105746+03:00" queuing="2017-09-10T23:11:53.2105746+03:00" start="2017-09-10T23:11:50.1184145+03:00" finish="2017-09-10T23:12:17.0920698+03:00" />
  <TestSettings name="default" id="b8bc94c3-c01b-4d6f-9bbf-c8e385e442b6">
    <Execution>
      <TestTypeSpecific />
    </Execution>
    <Deployment runDeploymentRoot="1_DESKTOP-J92RQ9N 2017-09-10 23_11_53" />
    <Properties />
  </TestSettings>
  <Results>
    <UnitTestResult executionId="a70fa1cd-3c38-4728-945b-1265f887d8b8" testId="99f83280-3b41-c07c-9612-c7794a4e95c6" testName="Test1" computerName="DESKTOP-J92RQ9N" duration="00:00:00.0112499" startTime="2017-09-10T23:11:51.3891407+03:00" endTime="2017-09-10T23:11:51.6892958+03:00" testType="13cdc9d9-ddb5-4fa4-a97d-d965ccfc6d4b" outcome="Passed" testListId="8c84fa94-04c1-424b-9868-57a2d4851a1d" relativeResultsDirectory="a70fa1cd-3c38-4728-945b-1265f887d8b8">
      <Output>
        <StdOut>123 TEst1</StdOut>
      </Output>
    </UnitTestResult>
    <UnitTestResult executionId="404baa20-8908-4e4c-911d-d6cb13373a80" testId="727b525c-719e-134c-20b8-7a65f94cd1aa" testName="Test2" computerName="DESKTOP-J92RQ9N" duration="00:00:00.0001119" startTime="2017-09-10T23:11:51.6892958+03:00" endTime="2017-09-10T23:11:51.6912861+03:00" testType="13cdc9d9-ddb5-4fa4-a97d-d965ccfc6d4b" outcome="Passed" testListId="8c84fa94-04c1-424b-9868-57a2d4851a1d" relativeResultsDirectory="404baa20-8908-4e4c-911d-d6cb13373a80" />
    <UnitTestResult executionId="ef2ebe2f-09f0-47bf-8550-36c74da4f24a" testId="520802d2-4c77-4cb2-4011-c42772a34e5f" testName="Test3" computerName="DESKTOP-J92RQ9N" duration="00:00:00.0001203" startTime="2017-09-10T23:11:51.6922868+03:00" endTime="2017-09-10T23:11:51.6932875+03:00" testType="13cdc9d9-ddb5-4fa4-a97d-d965ccfc6d4b" outcome="Passed" testListId="8c84fa94-04c1-424b-9868-57a2d4851a1d" relativeResultsDirectory="ef2ebe2f-09f0-47bf-8550-36c74da4f24a">
      <Output>
        <StdOut>123 TEst3</StdOut>
      </Output>
    </UnitTestResult>
    <UnitTestResult executionId="5a69fcd3-e653-405b-91ed-c8fd7a442bcb" testId="4fa117a0-8e5b-4d5c-b29f-13a7a1cf5b96" testName="Test4 (Data Row 0)" computerName="DESKTOP-J92RQ9N" duration="00:00:00.0003872" startTime="2017-09-10T20:12:16.9169579+03:00" endTime="2017-09-10T20:12:16.9179363+03:00" testType="13cdc9d9-ddb5-4fa4-a97d-d965ccfc6d4b" outcome="Passed" testListId="8c84fa94-04c1-424b-9868-57a2d4851a1d" relativeResultsDirectory="5a69fcd3-e653-405b-91ed-c8fd7a442bcb">
      <Output>
        <StdOut>/Fields
123 TEst</StdOut>
      </Output>
    </UnitTestResult>
  </Results>
  <TestDefinitions>
    <UnitTest name="Test1" storage="d:\visual studio 2015\projects\browsertestadapter\tests\bin\debug\tests.dll" id="99f83280-3b41-c07c-9612-c7794a4e95c6">
      <Execution id="a70fa1cd-3c38-4728-945b-1265f887d8b8" />
      <TestMethod codeBase="D:\Visual Studio 2015\Projects\BrowserTestAdapter\Tests\bin\Debug\Tests.dll" adapterTypeName="Microsoft.VisualStudio.TestTools.TestTypes.Unit.UnitTestAdapter" className="Tests.Class1" name="Test1" />
    </UnitTest>
    <UnitTest name="Test2" storage="d:\visual studio 2015\projects\browsertestadapter\tests\bin\debug\tests.dll" id="727b525c-719e-134c-20b8-7a65f94cd1aa">
      <Execution id="404baa20-8908-4e4c-911d-d6cb13373a80" />
      <TestMethod codeBase="D:\Visual Studio 2015\Projects\BrowserTestAdapter\Tests\bin\Debug\Tests.dll" adapterTypeName="Microsoft.VisualStudio.TestTools.TestTypes.Unit.UnitTestAdapter" className="Tests.Class1" name="Test2" />
    </UnitTest>
    <UnitTest name="Test3" storage="d:\visual studio 2015\projects\browsertestadapter\tests\bin\debug\tests.dll" id="520802d2-4c77-4cb2-4011-c42772a34e5f">
      <Execution id="ef2ebe2f-09f0-47bf-8550-36c74da4f24a" />
      <TestMethod codeBase="D:\Visual Studio 2015\Projects\BrowserTestAdapter\Tests\bin\Debug\Tests.dll" adapterTypeName="Microsoft.VisualStudio.TestTools.TestTypes.Unit.UnitTestAdapter" className="Tests.Class1" name="Test3" />
    </UnitTest>
    <UnitTest name="Test4 (Data Row 0)" storage="d:\visual studio 2015\projects\browsertestadapter\tests\bin\debug\tests.dll" priority="1" id="4fa117a0-8e5b-4d5c-b29f-13a7a1cf5b96">
      <TestCategory>
        <TestCategoryItem TestCategory="Khepri" />
      </TestCategory>
      <Execution id="5a69fcd3-e653-405b-91ed-c8fd7a442bcb" />
      <TestMethod codeBase="D:\Visual Studio 2015\Projects\BrowserTestAdapter\Tests\bin\Debug\Tests.dll" adapterTypeName="Microsoft.VisualStudio.TestTools.TestTypes.Unit.UnitTestAdapter" className="Tests.Class1" name="Test4 (Data Row 0)" />
    </UnitTest>
  </TestDefinitions>
  <TestEntries>
    <TestEntry testId="99f83280-3b41-c07c-9612-c7794a4e95c6" executionId="a70fa1cd-3c38-4728-945b-1265f887d8b8" testListId="8c84fa94-04c1-424b-9868-57a2d4851a1d" />
    <TestEntry testId="727b525c-719e-134c-20b8-7a65f94cd1aa" executionId="404baa20-8908-4e4c-911d-d6cb13373a80" testListId="8c84fa94-04c1-424b-9868-57a2d4851a1d" />
    <TestEntry testId="520802d2-4c77-4cb2-4011-c42772a34e5f" executionId="ef2ebe2f-09f0-47bf-8550-36c74da4f24a" testListId="8c84fa94-04c1-424b-9868-57a2d4851a1d" />
    <TestEntry testId="4fa117a0-8e5b-4d5c-b29f-13a7a1cf5b96" executionId="5a69fcd3-e653-405b-91ed-c8fd7a442bcb" testListId="8c84fa94-04c1-424b-9868-57a2d4851a1d" />
  </TestEntries>
  <TestLists>
    <TestList name="Results Not in a List" id="8c84fa94-04c1-424b-9868-57a2d4851a1d" />
    <TestList name="All Loaded Results" id="19431567-8539-422a-85d7-44ee4e166bda" />
  </TestLists>
  <ResultSummary outcome="Completed">
    <Counters total="4" executed="4" passed="4" failed="0" error="0" timeout="0" aborted="0" inconclusive="0" passedButRunAborted="0" notRunnable="0" notExecuted="0" disconnected="0" warning="0" completed="0" inProgress="0" pending="0" />
  </ResultSummary>
</TestRun>