<?xml version="1.0" encoding="UTF-8"?>
<TestRun id="9e5e54c6-b933-4558-a2e6-19ce110acc04" name="1@DESKTOP-J92RQ9N 2017-09-10 18:21:28" runUser="DESKTOP-J92RQ9N\1" xmlns="http://microsoft.com/schemas/VisualStudio/TeamTest/2010">
  <Times creation="2017-09-10T18:21:28.2385274+03:00" queuing="2017-09-10T18:21:28.2385274+03:00" start="2017-09-10T18:21:27.7229333+03:00" finish="2017-09-10T18:21:28.2883493+03:00" />
  <TestSettings name="default" id="d108b6fb-e6ea-484e-b4af-c506e8d32125">
    <Execution>
      <TestTypeSpecific />
    </Execution>
    <Deployment runDeploymentRoot="1_DESKTOP-J92RQ9N 2017-09-10 18_21_28" />
    <Properties />
  </TestSettings>
  <Results>
    <UnitTestResult executionId="7565e27e-1fd9-4776-ba7b-141f57613211" testId="23c49f78-233a-423e-5f7a-6cbdf06af238" testName="Test1" computerName="DESKTOP-J92RQ9N" duration="00:00:00.0035143" startTime="2017-09-10T18:21:28.0973165+03:00" endTime="2017-09-10T18:21:28.1253364+03:00" testType="13cdc9d9-ddb5-4fa4-a97d-d965ccfc6d4b" outcome="Passed" testListId="8c84fa94-04c1-424b-9868-57a2d4851a1d" relativeResultsDirectory="7565e27e-1fd9-4776-ba7b-141f57613211">
      <Output>
        <StdOut>123 TEst1</StdOut>
      </Output>
    </UnitTestResult>
    <UnitTestResult executionId="e583ffd5-6184-451b-8477-fdbeb71ee61e" testId="77f1ed97-e614-740b-23f7-8e4842b2b465" testName="Test2" computerName="DESKTOP-J92RQ9N" duration="00:00:00.0000695" startTime="2017-09-10T18:21:28.1378451+03:00" endTime="2017-09-10T18:21:28.1383457+03:00" testType="13cdc9d9-ddb5-4fa4-a97d-d965ccfc6d4b" outcome="Passed" testListId="8c84fa94-04c1-424b-9868-57a2d4851a1d" relativeResultsDirectory="e583ffd5-6184-451b-8477-fdbeb71ee61e" />
    <UnitTestResult executionId="c2f0da9b-4a83-4a4c-9497-b818054ec2c5" testId="774b93f0-78cc-8d6a-be8e-1d9ecdc074d5" testName="Test3" computerName="DESKTOP-J92RQ9N" duration="00:00:00.0000760" startTime="2017-09-10T18:21:28.1383457+03:00" endTime="2017-09-10T18:21:28.1388458+03:00" testType="13cdc9d9-ddb5-4fa4-a97d-d965ccfc6d4b" outcome="Passed" testListId="8c84fa94-04c1-424b-9868-57a2d4851a1d" relativeResultsDirectory="c2f0da9b-4a83-4a4c-9497-b818054ec2c5">
      <Output>
        <StdOut>123 TEst3</StdOut>
      </Output>
    </UnitTestResult>
    <UnitTestResult executionId="e3f0eca8-009d-4919-80cc-8225452d9f64" testId="c91db766-4df9-b250-68c3-f4464fb3e494" testName="Test4" computerName="DESKTOP-J92RQ9N" startTime="2017-09-10T18:21:28.1388458+03:00" endTime="2017-09-10T18:21:28.2002517+03:00" testType="13cdc9d9-ddb5-4fa4-a97d-d965ccfc6d4b" outcome="Failed" testListId="8c84fa94-04c1-424b-9868-57a2d4851a1d" relativeResultsDirectory="e3f0eca8-009d-4919-80cc-8225452d9f64">
      <Output>
        <ErrorInfo>
          <Message>The unit test adapter failed to connect to the data source or to read the data. For more information on troubleshooting this error, see "Troubleshooting Data-Driven Unit Tests" (http://go.microsoft.com/fwlink/?LinkId=62412) in the MSDN Library. Error details: Unable to find the requested .Net Framework Data Provider.  It may not be installed.</Message>
        </ErrorInfo>
      </Output>
    </UnitTestResult>
  </Results>
  <TestDefinitions>
    <UnitTest name="Test1" storage="d:\visual studio 2015\projects\browsertestadapter\tests\bin\debug\tests.dll" id="23c49f78-233a-423e-5f7a-6cbdf06af238">
      <Execution id="7565e27e-1fd9-4776-ba7b-141f57613211" />
      <TestMethod codeBase="D:\Visual Studio 2015\Projects\BrowserTestAdapter\Tests\bin\Debug\Tests.dll" adapterTypeName="Microsoft.VisualStudio.TestTools.TestTypes.Unit.UnitTestAdapter" className="Tests.Class1" name="Test1" />
    </UnitTest>
    <UnitTest name="Test2" storage="d:\visual studio 2015\projects\browsertestadapter\tests\bin\debug\tests.dll" id="77f1ed97-e614-740b-23f7-8e4842b2b465">
      <Execution id="e583ffd5-6184-451b-8477-fdbeb71ee61e" />
      <TestMethod codeBase="D:\Visual Studio 2015\Projects\BrowserTestAdapter\Tests\bin\Debug\Tests.dll" adapterTypeName="Microsoft.VisualStudio.TestTools.TestTypes.Unit.UnitTestAdapter" className="Tests.Class1" name="Test2" />
    </UnitTest>
    <UnitTest name="Test3" storage="d:\visual studio 2015\projects\browsertestadapter\tests\bin\debug\tests.dll" id="774b93f0-78cc-8d6a-be8e-1d9ecdc074d5">
      <Execution id="c2f0da9b-4a83-4a4c-9497-b818054ec2c5" />
      <TestMethod codeBase="D:\Visual Studio 2015\Projects\BrowserTestAdapter\Tests\bin\Debug\Tests.dll" adapterTypeName="Microsoft.VisualStudio.TestTools.TestTypes.Unit.UnitTestAdapter" className="Tests.Class1" name="Test3" />
    </UnitTest>
    <UnitTest name="Test4" storage="d:\visual studio 2015\projects\browsertestadapter\tests\bin\debug\tests.dll" priority="1" id="c91db766-4df9-b250-68c3-f4464fb3e494">
      <TestCategory>
        <TestCategoryItem TestCategory="Khepri" />
      </TestCategory>
      <Execution id="e3f0eca8-009d-4919-80cc-8225452d9f64" />
      <TestMethod codeBase="D:\Visual Studio 2015\Projects\BrowserTestAdapter\Tests\bin\Debug\Tests.dll" adapterTypeName="Microsoft.VisualStudio.TestTools.TestTypes.Unit.UnitTestAdapter" className="Tests.Class1" name="Test4" />
    </UnitTest>
  </TestDefinitions>
  <TestEntries>
    <TestEntry testId="23c49f78-233a-423e-5f7a-6cbdf06af238" executionId="7565e27e-1fd9-4776-ba7b-141f57613211" testListId="8c84fa94-04c1-424b-9868-57a2d4851a1d" />
    <TestEntry testId="77f1ed97-e614-740b-23f7-8e4842b2b465" executionId="e583ffd5-6184-451b-8477-fdbeb71ee61e" testListId="8c84fa94-04c1-424b-9868-57a2d4851a1d" />
    <TestEntry testId="774b93f0-78cc-8d6a-be8e-1d9ecdc074d5" executionId="c2f0da9b-4a83-4a4c-9497-b818054ec2c5" testListId="8c84fa94-04c1-424b-9868-57a2d4851a1d" />
    <TestEntry testId="c91db766-4df9-b250-68c3-f4464fb3e494" executionId="e3f0eca8-009d-4919-80cc-8225452d9f64" testListId="8c84fa94-04c1-424b-9868-57a2d4851a1d" />
  </TestEntries>
  <TestLists>
    <TestList name="Results Not in a List" id="8c84fa94-04c1-424b-9868-57a2d4851a1d" />
    <TestList name="All Loaded Results" id="19431567-8539-422a-85d7-44ee4e166bda" />
  </TestLists>
  <ResultSummary outcome="Failed">
    <Counters total="4" executed="4" passed="3" failed="1" error="0" timeout="0" aborted="0" inconclusive="0" passedButRunAborted="0" notRunnable="0" notExecuted="0" disconnected="0" warning="0" completed="0" inProgress="0" pending="0" />
  </ResultSummary>
</TestRun>