<?xml version="1.0" encoding="UTF-8"?>
<TestRun id="b7043fbb-a68c-47aa-829a-cd73d3738816" name="1@DESKTOP-J92RQ9N 2017-09-10 16:25:25" runUser="DESKTOP-J92RQ9N\1" xmlns="http://microsoft.com/schemas/VisualStudio/TeamTest/2010">
  <Times creation="2017-09-10T16:25:25.1722122+03:00" queuing="2017-09-10T16:25:25.1722122+03:00" start="2017-09-10T16:25:24.7792260+03:00" finish="2017-09-10T16:25:25.1947224+03:00" />
  <TestSettings name="default" id="5b61150d-0fa7-4afd-a2bd-7c330fe96d22">
    <Execution>
      <TestTypeSpecific />
    </Execution>
    <Deployment runDeploymentRoot="1_DESKTOP-J92RQ9N 2017-09-10 16_25_25" />
    <Properties />
  </TestSettings>
  <TestLists>
    <TestList name="Results Not in a List" id="8c84fa94-04c1-424b-9868-57a2d4851a1d" />
    <TestList name="All Loaded Results" id="19431567-8539-422a-85d7-44ee4e166bda" />
  </TestLists>
  <ResultSummary outcome="Completed">
    <Counters total="0" executed="0" passed="0" failed="0" error="0" timeout="0" aborted="0" inconclusive="0" passedButRunAborted="0" notRunnable="0" notExecuted="0" disconnected="0" warning="0" completed="0" inProgress="0" pending="0" />
  </ResultSummary>
</TestRun>