<?xml version="1.0" encoding="UTF-8"?>
<TestRun id="e256c069-2ce7-48a6-8dc5-8f42a0b76dca" name="1@DESKTOP-J92RQ9N 2017-09-10 22:45:37" runUser="DESKTOP-J92RQ9N\1" xmlns="http://microsoft.com/schemas/VisualStudio/TeamTest/2010">
  <Times creation="2017-09-10T22:45:37.8171681+03:00" queuing="2017-09-10T22:45:37.8171681+03:00" start="2017-09-10T22:45:36.2445223+03:00" finish="2017-09-10T22:45:38.0240364+03:00" />
  <TestSettings name="default" id="6541d187-c459-46eb-b715-69d9b2e9452c">
    <Execution>
      <TestTypeSpecific />
    </Execution>
    <Deployment runDeploymentRoot="1_DESKTOP-J92RQ9N 2017-09-10 22_45_37" />
    <Properties />
  </TestSettings>
  <Results>
    <UnitTestResult executionId="91d8c0da-9055-4543-9054-e2e3756b1bd1" testId="99f83280-3b41-c07c-9612-c7794a4e95c6" testName="Test1" computerName="DESKTOP-J92RQ9N" duration="00:00:00.0117999" startTime="2017-09-10T22:45:37.4249009+03:00" endTime="2017-09-10T22:45:37.7113600+03:00" testType="13cdc9d9-ddb5-4fa4-a97d-d965ccfc6d4b" outcome="Passed" testListId="8c84fa94-04c1-424b-9868-57a2d4851a1d" relativeResultsDirectory="91d8c0da-9055-4543-9054-e2e3756b1bd1">
      <Output>
        <StdOut>123 TEst1</StdOut>
      </Output>
    </UnitTestResult>
    <UnitTestResult executionId="f4ab30cd-87ce-42ed-8c4d-a9ae46d8ab21" testId="727b525c-719e-134c-20b8-7a65f94cd1aa" testName="Test2" computerName="DESKTOP-J92RQ9N" duration="00:00:00.0001068" startTime="2017-09-10T22:45:37.7123491+03:00" endTime="2017-09-10T22:45:37.7138625+03:00" testType="13cdc9d9-ddb5-4fa4-a97d-d965ccfc6d4b" outcome="Passed" testListId="8c84fa94-04c1-424b-9868-57a2d4851a1d" relativeResultsDirectory="f4ab30cd-87ce-42ed-8c4d-a9ae46d8ab21" />
    <UnitTestResult executionId="e2c5f544-020a-43ac-beea-e35ea34706db" testId="520802d2-4c77-4cb2-4011-c42772a34e5f" testName="Test3" computerName="DESKTOP-J92RQ9N" duration="00:00:00.0001040" startTime="2017-09-10T22:45:37.7143673+03:00" endTime="2017-09-10T22:45:37.7158607+03:00" testType="13cdc9d9-ddb5-4fa4-a97d-d965ccfc6d4b" outcome="Passed" testListId="8c84fa94-04c1-424b-9868-57a2d4851a1d" relativeResultsDirectory="e2c5f544-020a-43ac-beea-e35ea34706db">
      <Output>
        <StdOut>123 TEst3</StdOut>
      </Output>
    </UnitTestResult>
    <UnitTestResult executionId="de5f7cae-d32e-444f-a4bf-7a70a022d6cd" testId="bfc0a21f-dac9-50ab-815c-3b063dd609fb" testName="Test4" computerName="DESKTOP-J92RQ9N" startTime="2017-09-10T22:45:37.7168525+03:00" endTime="2017-09-10T22:45:37.8421882+03:00" testType="13cdc9d9-ddb5-4fa4-a97d-d965ccfc6d4b" outcome="Failed" testListId="8c84fa94-04c1-424b-9868-57a2d4851a1d" relativeResultsDirectory="de5f7cae-d32e-444f-a4bf-7a70a022d6cd">
      <Output>
        <ErrorInfo>
          <Message>The unit test adapter failed to connect to the data source or to read the data. For more information on troubleshooting this error, see "Troubleshooting Data-Driven Unit Tests" (https://go.microsoft.com/fwlink/?LinkId=62412) in the MSDN Library.
Error details: Object reference not set to an instance of an object.</Message>
        </ErrorInfo>
      </Output>
    </UnitTestResult>
  </Results>
  <TestDefinitions>
    <UnitTest name="Test1" storage="d:\visual studio 2015\projects\browsertestadapter\tests\bin\debug\tests.dll" id="99f83280-3b41-c07c-9612-c7794a4e95c6">
      <Execution id="91d8c0da-9055-4543-9054-e2e3756b1bd1" />
      <TestMethod codeBase="D:\Visual Studio 2015\Projects\BrowserTestAdapter\Tests\bin\Debug\Tests.dll" adapterTypeName="Microsoft.VisualStudio.TestTools.TestTypes.Unit.UnitTestAdapter" className="Tests.Class1" name="Test1" />
    </UnitTest>
    <UnitTest name="Test2" storage="d:\visual studio 2015\projects\browsertestadapter\tests\bin\debug\tests.dll" id="727b525c-719e-134c-20b8-7a65f94cd1aa">
      <Execution id="f4ab30cd-87ce-42ed-8c4d-a9ae46d8ab21" />
      <TestMethod codeBase="D:\Visual Studio 2015\Projects\BrowserTestAdapter\Tests\bin\Debug\Tests.dll" adapterTypeName="Microsoft.VisualStudio.TestTools.TestTypes.Unit.UnitTestAdapter" className="Tests.Class1" name="Test2" />
    </UnitTest>
    <UnitTest name="Test3" storage="d:\visual studio 2015\projects\browsertestadapter\tests\bin\debug\tests.dll" id="520802d2-4c77-4cb2-4011-c42772a34e5f">
      <Execution id="e2c5f544-020a-43ac-beea-e35ea34706db" />
      <TestMethod codeBase="D:\Visual Studio 2015\Projects\BrowserTestAdapter\Tests\bin\Debug\Tests.dll" adapterTypeName="Microsoft.VisualStudio.TestTools.TestTypes.Unit.UnitTestAdapter" className="Tests.Class1" name="Test3" />
    </UnitTest>
    <UnitTest name="Test4" storage="d:\visual studio 2015\projects\browsertestadapter\tests\bin\debug\tests.dll" priority="1" id="bfc0a21f-dac9-50ab-815c-3b063dd609fb">
      <TestCategory>
        <TestCategoryItem TestCategory="Khepri" />
      </TestCategory>
      <Execution id="de5f7cae-d32e-444f-a4bf-7a70a022d6cd" />
      <TestMethod codeBase="D:\Visual Studio 2015\Projects\BrowserTestAdapter\Tests\bin\Debug\Tests.dll" adapterTypeName="Microsoft.VisualStudio.TestTools.TestTypes.Unit.UnitTestAdapter" className="Tests.Class1" name="Test4" />
    </UnitTest>
  </TestDefinitions>
  <TestEntries>
    <TestEntry testId="99f83280-3b41-c07c-9612-c7794a4e95c6" executionId="91d8c0da-9055-4543-9054-e2e3756b1bd1" testListId="8c84fa94-04c1-424b-9868-57a2d4851a1d" />
    <TestEntry testId="727b525c-719e-134c-20b8-7a65f94cd1aa" executionId="f4ab30cd-87ce-42ed-8c4d-a9ae46d8ab21" testListId="8c84fa94-04c1-424b-9868-57a2d4851a1d" />
    <TestEntry testId="520802d2-4c77-4cb2-4011-c42772a34e5f" executionId="e2c5f544-020a-43ac-beea-e35ea34706db" testListId="8c84fa94-04c1-424b-9868-57a2d4851a1d" />
    <TestEntry testId="bfc0a21f-dac9-50ab-815c-3b063dd609fb" executionId="de5f7cae-d32e-444f-a4bf-7a70a022d6cd" testListId="8c84fa94-04c1-424b-9868-57a2d4851a1d" />
  </TestEntries>
  <TestLists>
    <TestList name="Results Not in a List" id="8c84fa94-04c1-424b-9868-57a2d4851a1d" />
    <TestList name="All Loaded Results" id="19431567-8539-422a-85d7-44ee4e166bda" />
  </TestLists>
  <ResultSummary outcome="Failed">
    <Counters total="4" executed="4" passed="3" failed="1" error="0" timeout="0" aborted="0" inconclusive="0" passedButRunAborted="0" notRunnable="0" notExecuted="0" disconnected="0" warning="0" completed="0" inProgress="0" pending="0" />
  </ResultSummary>
</TestRun>