<?xml version="1.0" encoding="UTF-8"?>
<TestRun id="d323c41b-73ee-44a3-9e12-2b3841c73572" name="1@DESKTOP-J92RQ9N 2017-09-09 23:21:13" runUser="DESKTOP-J92RQ9N\1" xmlns="http://microsoft.com/schemas/VisualStudio/TeamTest/2010">
  <Times creation="2017-09-09T23:21:13.0052261+03:00" queuing="2017-09-09T23:21:13.0052261+03:00" start="2017-09-09T23:21:12.6369857+03:00" finish="2017-09-09T23:21:13.0247439+03:00" />
  <TestSettings name="default" id="3c8eebb8-4e69-41f5-be7c-b2fd0598b775">
    <Execution>
      <TestTypeSpecific />
    </Execution>
    <Deployment runDeploymentRoot="1_DESKTOP-J92RQ9N 2017-09-09 23_21_13" />
    <Properties />
  </TestSettings>
  <TestLists>
    <TestList name="Results Not in a List" id="8c84fa94-04c1-424b-9868-57a2d4851a1d" />
    <TestList name="All Loaded Results" id="19431567-8539-422a-85d7-44ee4e166bda" />
  </TestLists>
  <ResultSummary outcome="Completed">
    <Counters total="0" executed="0" passed="0" failed="0" error="0" timeout="0" aborted="0" inconclusive="0" passedButRunAborted="0" notRunnable="0" notExecuted="0" disconnected="0" warning="0" completed="0" inProgress="0" pending="0" />
  </ResultSummary>
</TestRun>