<?xml version="1.0" encoding="UTF-8"?>
<TestRun id="635606fc-c88b-4b40-9f50-5e77255f4f8a" name="1@DESKTOP-J92RQ9N 2017-09-09 22:23:45" runUser="DESKTOP-J92RQ9N\1" xmlns="http://microsoft.com/schemas/VisualStudio/TeamTest/2010">
  <Times creation="2017-09-09T22:23:45.5248538+03:00" queuing="2017-09-09T22:23:45.5248538+03:00" start="2017-09-09T22:23:45.0048430+03:00" finish="2017-09-09T22:23:45.5765931+03:00" />
  <TestSettings name="default" id="c338940e-ef6f-4f0b-9905-642735e90096">
    <Execution>
      <TestTypeSpecific />
    </Execution>
    <Deployment runDeploymentRoot="1_DESKTOP-J92RQ9N 2017-09-09 22_23_45" />
    <Properties />
  </TestSettings>
  <Results>
    <UnitTestResult executionId="9ce08292-fa47-4e97-b971-bc05679147f5" testId="23c49f78-233a-423e-5f7a-6cbdf06af238" testName="Test1" computerName="DESKTOP-J92RQ9N" duration="00:00:00.0036370" startTime="2017-09-09T22:23:45.3837674+03:00" endTime="2017-09-09T22:23:45.4182787+03:00" testType="13cdc9d9-ddb5-4fa4-a97d-d965ccfc6d4b" outcome="Passed" testListId="8c84fa94-04c1-424b-9868-57a2d4851a1d" relativeResultsDirectory="9ce08292-fa47-4e97-b971-bc05679147f5">
      <Output>
        <StdOut>123 TEst1</StdOut>
      </Output>
    </UnitTestResult>
    <UnitTestResult executionId="fc97acad-aaab-4367-b290-0fef826845ec" testId="77f1ed97-e614-740b-23f7-8e4842b2b465" testName="Test2" computerName="DESKTOP-J92RQ9N" duration="00:00:00.0000737" startTime="2017-09-09T22:23:45.4308009+03:00" endTime="2017-09-09T22:23:45.4308009+03:00" testType="13cdc9d9-ddb5-4fa4-a97d-d965ccfc6d4b" outcome="Passed" testListId="8c84fa94-04c1-424b-9868-57a2d4851a1d" relativeResultsDirectory="fc97acad-aaab-4367-b290-0fef826845ec" />
    <UnitTestResult executionId="d4912439-812c-4951-81fe-3e8dd57f9519" testId="774b93f0-78cc-8d6a-be8e-1d9ecdc074d5" testName="Test3" computerName="DESKTOP-J92RQ9N" duration="00:00:00.0000951" startTime="2017-09-09T22:23:45.4312884+03:00" endTime="2017-09-09T22:23:45.4312884+03:00" testType="13cdc9d9-ddb5-4fa4-a97d-d965ccfc6d4b" outcome="Passed" testListId="8c84fa94-04c1-424b-9868-57a2d4851a1d" relativeResultsDirectory="d4912439-812c-4951-81fe-3e8dd57f9519">
      <Output>
        <StdOut>123 TEst3</StdOut>
      </Output>
    </UnitTestResult>
    <UnitTestResult executionId="e987e8fd-8f25-434c-ae4b-8e9811ec3030" testId="c91db766-4df9-b250-68c3-f4464fb3e494" testName="Test4" computerName="DESKTOP-J92RQ9N" startTime="2017-09-09T22:23:45.4312884+03:00" endTime="2017-09-09T22:23:45.4858442+03:00" testType="13cdc9d9-ddb5-4fa4-a97d-d965ccfc6d4b" outcome="Failed" testListId="8c84fa94-04c1-424b-9868-57a2d4851a1d" relativeResultsDirectory="e987e8fd-8f25-434c-ae4b-8e9811ec3030">
      <Output>
        <ErrorInfo>
          <Message>The unit test adapter failed to connect to the data source or to read the data. For more information on troubleshooting this error, see "Troubleshooting Data-Driven Unit Tests" (http://go.microsoft.com/fwlink/?LinkId=62412) in the MSDN Library. Error details: Unable to find the requested .Net Framework Data Provider.  It may not be installed.</Message>
        </ErrorInfo>
      </Output>
    </UnitTestResult>
  </Results>
  <TestDefinitions>
    <UnitTest name="Test1" storage="d:\visual studio 2015\projects\browsertestadapter\tests\bin\debug\tests.dll" id="23c49f78-233a-423e-5f7a-6cbdf06af238">
      <Execution id="9ce08292-fa47-4e97-b971-bc05679147f5" />
      <TestMethod codeBase="D:\Visual Studio 2015\Projects\BrowserTestAdapter\Tests\bin\Debug\Tests.dll" adapterTypeName="Microsoft.VisualStudio.TestTools.TestTypes.Unit.UnitTestAdapter" className="Tests.Class1" name="Test1" />
    </UnitTest>
    <UnitTest name="Test2" storage="d:\visual studio 2015\projects\browsertestadapter\tests\bin\debug\tests.dll" id="77f1ed97-e614-740b-23f7-8e4842b2b465">
      <Execution id="fc97acad-aaab-4367-b290-0fef826845ec" />
      <TestMethod codeBase="D:\Visual Studio 2015\Projects\BrowserTestAdapter\Tests\bin\Debug\Tests.dll" adapterTypeName="Microsoft.VisualStudio.TestTools.TestTypes.Unit.UnitTestAdapter" className="Tests.Class1" name="Test2" />
    </UnitTest>
    <UnitTest name="Test3" storage="d:\visual studio 2015\projects\browsertestadapter\tests\bin\debug\tests.dll" id="774b93f0-78cc-8d6a-be8e-1d9ecdc074d5">
      <Execution id="d4912439-812c-4951-81fe-3e8dd57f9519" />
      <TestMethod codeBase="D:\Visual Studio 2015\Projects\BrowserTestAdapter\Tests\bin\Debug\Tests.dll" adapterTypeName="Microsoft.VisualStudio.TestTools.TestTypes.Unit.UnitTestAdapter" className="Tests.Class1" name="Test3" />
    </UnitTest>
    <UnitTest name="Test4" storage="d:\visual studio 2015\projects\browsertestadapter\tests\bin\debug\tests.dll" priority="1" id="c91db766-4df9-b250-68c3-f4464fb3e494">
      <TestCategory>
        <TestCategoryItem TestCategory="Khepri" />
      </TestCategory>
      <Execution id="e987e8fd-8f25-434c-ae4b-8e9811ec3030" />
      <TestMethod codeBase="D:\Visual Studio 2015\Projects\BrowserTestAdapter\Tests\bin\Debug\Tests.dll" adapterTypeName="Microsoft.VisualStudio.TestTools.TestTypes.Unit.UnitTestAdapter" className="Tests.Class1" name="Test4" />
    </UnitTest>
  </TestDefinitions>
  <TestEntries>
    <TestEntry testId="23c49f78-233a-423e-5f7a-6cbdf06af238" executionId="9ce08292-fa47-4e97-b971-bc05679147f5" testListId="8c84fa94-04c1-424b-9868-57a2d4851a1d" />
    <TestEntry testId="77f1ed97-e614-740b-23f7-8e4842b2b465" executionId="fc97acad-aaab-4367-b290-0fef826845ec" testListId="8c84fa94-04c1-424b-9868-57a2d4851a1d" />
    <TestEntry testId="774b93f0-78cc-8d6a-be8e-1d9ecdc074d5" executionId="d4912439-812c-4951-81fe-3e8dd57f9519" testListId="8c84fa94-04c1-424b-9868-57a2d4851a1d" />
    <TestEntry testId="c91db766-4df9-b250-68c3-f4464fb3e494" executionId="e987e8fd-8f25-434c-ae4b-8e9811ec3030" testListId="8c84fa94-04c1-424b-9868-57a2d4851a1d" />
  </TestEntries>
  <TestLists>
    <TestList name="Results Not in a List" id="8c84fa94-04c1-424b-9868-57a2d4851a1d" />
    <TestList name="All Loaded Results" id="19431567-8539-422a-85d7-44ee4e166bda" />
  </TestLists>
  <ResultSummary outcome="Failed">
    <Counters total="4" executed="4" passed="3" failed="1" error="0" timeout="0" aborted="0" inconclusive="0" passedButRunAborted="0" notRunnable="0" notExecuted="0" disconnected="0" warning="0" completed="0" inProgress="0" pending="0" />
  </ResultSummary>
</TestRun>