<?xml version="1.0" encoding="UTF-8"?>
<TestRun id="8319b9e7-15d7-42df-8791-a63091b4b6fe" name="1@DESKTOP-J92RQ9N 2017-09-10 22:45:25" runUser="DESKTOP-J92RQ9N\1" xmlns="http://microsoft.com/schemas/VisualStudio/TeamTest/2010">
  <Times creation="2017-09-10T22:45:25.4308380+03:00" queuing="2017-09-10T22:45:25.4308380+03:00" start="2017-09-10T22:45:23.8528737+03:00" finish="2017-09-10T22:45:25.6698391+03:00" />
  <TestSettings name="default" id="b69cb392-99bd-4f03-8ceb-404ea487383f">
    <Execution>
      <TestTypeSpecific />
    </Execution>
    <Deployment runDeploymentRoot="1_DESKTOP-J92RQ9N 2017-09-10 22_45_25" />
    <Properties />
  </TestSettings>
  <Results>
    <UnitTestResult executionId="3367b2a5-d7dc-4b07-92e2-739da4290e5f" testId="99f83280-3b41-c07c-9612-c7794a4e95c6" testName="Test1" computerName="DESKTOP-J92RQ9N" duration="00:00:00.0116203" startTime="2017-09-10T22:45:25.0437525+03:00" endTime="2017-09-10T22:45:25.3308167+03:00" testType="13cdc9d9-ddb5-4fa4-a97d-d965ccfc6d4b" outcome="Passed" testListId="8c84fa94-04c1-424b-9868-57a2d4851a1d" relativeResultsDirectory="3367b2a5-d7dc-4b07-92e2-739da4290e5f">
      <Output>
        <StdOut>123 TEst1</StdOut>
      </Output>
    </UnitTestResult>
    <UnitTestResult executionId="f14982e4-3043-44c8-8f5a-9ffe5b78e20e" testId="727b525c-719e-134c-20b8-7a65f94cd1aa" testName="Test2" computerName="DESKTOP-J92RQ9N" duration="00:00:00.0001012" startTime="2017-09-10T22:45:25.3318170+03:00" endTime="2017-09-10T22:45:25.3338203+03:00" testType="13cdc9d9-ddb5-4fa4-a97d-d965ccfc6d4b" outcome="Passed" testListId="8c84fa94-04c1-424b-9868-57a2d4851a1d" relativeResultsDirectory="f14982e4-3043-44c8-8f5a-9ffe5b78e20e" />
    <UnitTestResult executionId="2a5e095b-ca19-48f8-8e48-801334044169" testId="520802d2-4c77-4cb2-4011-c42772a34e5f" testName="Test3" computerName="DESKTOP-J92RQ9N" duration="00:00:00.0001394" startTime="2017-09-10T22:45:25.3338203+03:00" endTime="2017-09-10T22:45:25.3358203+03:00" testType="13cdc9d9-ddb5-4fa4-a97d-d965ccfc6d4b" outcome="Passed" testListId="8c84fa94-04c1-424b-9868-57a2d4851a1d" relativeResultsDirectory="2a5e095b-ca19-48f8-8e48-801334044169">
      <Output>
        <StdOut>123 TEst3</StdOut>
      </Output>
    </UnitTestResult>
    <UnitTestResult executionId="178c9712-cd00-4412-a6fa-8adf591e2aae" testId="bfc0a21f-dac9-50ab-815c-3b063dd609fb" testName="Test4" computerName="DESKTOP-J92RQ9N" startTime="2017-09-10T22:45:25.3368210+03:00" endTime="2017-09-10T22:45:25.4699418+03:00" testType="13cdc9d9-ddb5-4fa4-a97d-d965ccfc6d4b" outcome="Failed" testListId="8c84fa94-04c1-424b-9868-57a2d4851a1d" relativeResultsDirectory="178c9712-cd00-4412-a6fa-8adf591e2aae">
      <Output>
        <ErrorInfo>
          <Message>The unit test adapter failed to connect to the data source or to read the data. For more information on troubleshooting this error, see "Troubleshooting Data-Driven Unit Tests" (https://go.microsoft.com/fwlink/?LinkId=62412) in the MSDN Library.
Error details: Could not load file or assembly 'Microsoft.TeamFoundation.WorkItemTracking.Client, Version=15.0.0.0, Culture=neutral, PublicKeyToken=b03f5f7f11d50a3a' or one of its dependencies. The system cannot find the file specified.</Message>
        </ErrorInfo>
      </Output>
    </UnitTestResult>
  </Results>
  <TestDefinitions>
    <UnitTest name="Test1" storage="d:\visual studio 2015\projects\browsertestadapter\tests\bin\debug\tests.dll" id="99f83280-3b41-c07c-9612-c7794a4e95c6">
      <Execution id="3367b2a5-d7dc-4b07-92e2-739da4290e5f" />
      <TestMethod codeBase="D:\Visual Studio 2015\Projects\BrowserTestAdapter\Tests\bin\Debug\Tests.dll" adapterTypeName="Microsoft.VisualStudio.TestTools.TestTypes.Unit.UnitTestAdapter" className="Tests.Class1" name="Test1" />
    </UnitTest>
    <UnitTest name="Test2" storage="d:\visual studio 2015\projects\browsertestadapter\tests\bin\debug\tests.dll" id="727b525c-719e-134c-20b8-7a65f94cd1aa">
      <Execution id="f14982e4-3043-44c8-8f5a-9ffe5b78e20e" />
      <TestMethod codeBase="D:\Visual Studio 2015\Projects\BrowserTestAdapter\Tests\bin\Debug\Tests.dll" adapterTypeName="Microsoft.VisualStudio.TestTools.TestTypes.Unit.UnitTestAdapter" className="Tests.Class1" name="Test2" />
    </UnitTest>
    <UnitTest name="Test3" storage="d:\visual studio 2015\projects\browsertestadapter\tests\bin\debug\tests.dll" id="520802d2-4c77-4cb2-4011-c42772a34e5f">
      <Execution id="2a5e095b-ca19-48f8-8e48-801334044169" />
      <TestMethod codeBase="D:\Visual Studio 2015\Projects\BrowserTestAdapter\Tests\bin\Debug\Tests.dll" adapterTypeName="Microsoft.VisualStudio.TestTools.TestTypes.Unit.UnitTestAdapter" className="Tests.Class1" name="Test3" />
    </UnitTest>
    <UnitTest name="Test4" storage="d:\visual studio 2015\projects\browsertestadapter\tests\bin\debug\tests.dll" priority="1" id="bfc0a21f-dac9-50ab-815c-3b063dd609fb">
      <TestCategory>
        <TestCategoryItem TestCategory="Khepri" />
      </TestCategory>
      <Execution id="178c9712-cd00-4412-a6fa-8adf591e2aae" />
      <TestMethod codeBase="D:\Visual Studio 2015\Projects\BrowserTestAdapter\Tests\bin\Debug\Tests.dll" adapterTypeName="Microsoft.VisualStudio.TestTools.TestTypes.Unit.UnitTestAdapter" className="Tests.Class1" name="Test4" />
    </UnitTest>
  </TestDefinitions>
  <TestEntries>
    <TestEntry testId="99f83280-3b41-c07c-9612-c7794a4e95c6" executionId="3367b2a5-d7dc-4b07-92e2-739da4290e5f" testListId="8c84fa94-04c1-424b-9868-57a2d4851a1d" />
    <TestEntry testId="727b525c-719e-134c-20b8-7a65f94cd1aa" executionId="f14982e4-3043-44c8-8f5a-9ffe5b78e20e" testListId="8c84fa94-04c1-424b-9868-57a2d4851a1d" />
    <TestEntry testId="520802d2-4c77-4cb2-4011-c42772a34e5f" executionId="2a5e095b-ca19-48f8-8e48-801334044169" testListId="8c84fa94-04c1-424b-9868-57a2d4851a1d" />
    <TestEntry testId="bfc0a21f-dac9-50ab-815c-3b063dd609fb" executionId="178c9712-cd00-4412-a6fa-8adf591e2aae" testListId="8c84fa94-04c1-424b-9868-57a2d4851a1d" />
  </TestEntries>
  <TestLists>
    <TestList name="Results Not in a List" id="8c84fa94-04c1-424b-9868-57a2d4851a1d" />
    <TestList name="All Loaded Results" id="19431567-8539-422a-85d7-44ee4e166bda" />
  </TestLists>
  <ResultSummary outcome="Failed">
    <Counters total="4" executed="4" passed="3" failed="1" error="0" timeout="0" aborted="0" inconclusive="0" passedButRunAborted="0" notRunnable="0" notExecuted="0" disconnected="0" warning="0" completed="0" inProgress="0" pending="0" />
  </ResultSummary>
</TestRun>