<?xml version="1.0" encoding="UTF-8"?>
<TestRun id="aa417886-9362-4e68-8c64-dfde25c431d3" name="1@DESKTOP-J92RQ9N 2017-09-10 22:41:13" runUser="DESKTOP-J92RQ9N\1" xmlns="http://microsoft.com/schemas/VisualStudio/TeamTest/2010">
  <Times creation="2017-09-10T22:41:13.9083518+03:00" queuing="2017-09-10T22:41:13.9083518+03:00" start="2017-09-10T22:41:12.1457784+03:00" finish="2017-09-10T22:41:13.9463770+03:00" />
  <TestSettings name="default" id="7837095a-781a-41b3-bbb2-23106f1a6643">
    <Execution>
      <TestTypeSpecific />
    </Execution>
    <Deployment runDeploymentRoot="1_DESKTOP-J92RQ9N 2017-09-10 22_41_13" />
    <Properties />
  </TestSettings>
  <Results>
    <UnitTestResult executionId="69426cb7-7f5a-4914-a790-1d8fefee74d3" testId="99f83280-3b41-c07c-9612-c7794a4e95c6" testName="Test1" computerName="DESKTOP-J92RQ9N" duration="00:00:00.0117108" startTime="2017-09-10T22:41:13.4042144+03:00" endTime="2017-09-10T22:41:13.6953967+03:00" testType="13cdc9d9-ddb5-4fa4-a97d-d965ccfc6d4b" outcome="Passed" testListId="8c84fa94-04c1-424b-9868-57a2d4851a1d" relativeResultsDirectory="69426cb7-7f5a-4914-a790-1d8fefee74d3">
      <Output>
        <StdOut>123 TEst1</StdOut>
      </Output>
    </UnitTestResult>
    <UnitTestResult executionId="36dcc15f-61f0-45bd-a595-ac1743c4c82d" testId="727b525c-719e-134c-20b8-7a65f94cd1aa" testName="Test2" computerName="DESKTOP-J92RQ9N" duration="00:00:00.0001059" startTime="2017-09-10T22:41:13.6963974+03:00" endTime="2017-09-10T22:41:13.6983965+03:00" testType="13cdc9d9-ddb5-4fa4-a97d-d965ccfc6d4b" outcome="Passed" testListId="8c84fa94-04c1-424b-9868-57a2d4851a1d" relativeResultsDirectory="36dcc15f-61f0-45bd-a595-ac1743c4c82d" />
    <UnitTestResult executionId="efb9b781-152a-4ac6-835d-740707da7efd" testId="520802d2-4c77-4cb2-4011-c42772a34e5f" testName="Test3" computerName="DESKTOP-J92RQ9N" duration="00:00:00.0001348" startTime="2017-09-10T22:41:13.6993972+03:00" endTime="2017-09-10T22:41:13.7004124+03:00" testType="13cdc9d9-ddb5-4fa4-a97d-d965ccfc6d4b" outcome="Passed" testListId="8c84fa94-04c1-424b-9868-57a2d4851a1d" relativeResultsDirectory="efb9b781-152a-4ac6-835d-740707da7efd">
      <Output>
        <StdOut>123 TEst3</StdOut>
      </Output>
    </UnitTestResult>
    <UnitTestResult executionId="13d0eeb9-df73-4243-b556-0cc6df904c7b" testId="bfc0a21f-dac9-50ab-815c-3b063dd609fb" testName="Test4" computerName="DESKTOP-J92RQ9N" startTime="2017-09-10T22:41:13.7013991+03:00" endTime="2017-09-10T22:41:13.7309497+03:00" testType="13cdc9d9-ddb5-4fa4-a97d-d965ccfc6d4b" outcome="Failed" testListId="8c84fa94-04c1-424b-9868-57a2d4851a1d" relativeResultsDirectory="13d0eeb9-df73-4243-b556-0cc6df904c7b">
      <Output>
        <ErrorInfo>
          <Message>The unit test adapter failed to connect to the data source or to read the data. For more information on troubleshooting this error, see "Troubleshooting Data-Driven Unit Tests" (https://go.microsoft.com/fwlink/?LinkId=62412) in the MSDN Library.
Error details: Could not load file or assembly 'Microsoft.TeamFoundation.Client, Version=15.0.0.0, Culture=neutral, PublicKeyToken=b03f5f7f11d50a3a' or one of its dependencies. The system cannot find the file specified.</Message>
        </ErrorInfo>
      </Output>
    </UnitTestResult>
  </Results>
  <TestDefinitions>
    <UnitTest name="Test1" storage="d:\visual studio 2015\projects\browsertestadapter\tests\bin\debug\tests.dll" id="99f83280-3b41-c07c-9612-c7794a4e95c6">
      <Execution id="69426cb7-7f5a-4914-a790-1d8fefee74d3" />
      <TestMethod codeBase="D:\Visual Studio 2015\Projects\BrowserTestAdapter\Tests\bin\Debug\Tests.dll" adapterTypeName="Microsoft.VisualStudio.TestTools.TestTypes.Unit.UnitTestAdapter" className="Tests.Class1" name="Test1" />
    </UnitTest>
    <UnitTest name="Test2" storage="d:\visual studio 2015\projects\browsertestadapter\tests\bin\debug\tests.dll" id="727b525c-719e-134c-20b8-7a65f94cd1aa">
      <Execution id="36dcc15f-61f0-45bd-a595-ac1743c4c82d" />
      <TestMethod codeBase="D:\Visual Studio 2015\Projects\BrowserTestAdapter\Tests\bin\Debug\Tests.dll" adapterTypeName="Microsoft.VisualStudio.TestTools.TestTypes.Unit.UnitTestAdapter" className="Tests.Class1" name="Test2" />
    </UnitTest>
    <UnitTest name="Test3" storage="d:\visual studio 2015\projects\browsertestadapter\tests\bin\debug\tests.dll" id="520802d2-4c77-4cb2-4011-c42772a34e5f">
      <Execution id="efb9b781-152a-4ac6-835d-740707da7efd" />
      <TestMethod codeBase="D:\Visual Studio 2015\Projects\BrowserTestAdapter\Tests\bin\Debug\Tests.dll" adapterTypeName="Microsoft.VisualStudio.TestTools.TestTypes.Unit.UnitTestAdapter" className="Tests.Class1" name="Test3" />
    </UnitTest>
    <UnitTest name="Test4" storage="d:\visual studio 2015\projects\browsertestadapter\tests\bin\debug\tests.dll" priority="1" id="bfc0a21f-dac9-50ab-815c-3b063dd609fb">
      <TestCategory>
        <TestCategoryItem TestCategory="Khepri" />
      </TestCategory>
      <Execution id="13d0eeb9-df73-4243-b556-0cc6df904c7b" />
      <TestMethod codeBase="D:\Visual Studio 2015\Projects\BrowserTestAdapter\Tests\bin\Debug\Tests.dll" adapterTypeName="Microsoft.VisualStudio.TestTools.TestTypes.Unit.UnitTestAdapter" className="Tests.Class1" name="Test4" />
    </UnitTest>
  </TestDefinitions>
  <TestEntries>
    <TestEntry testId="99f83280-3b41-c07c-9612-c7794a4e95c6" executionId="69426cb7-7f5a-4914-a790-1d8fefee74d3" testListId="8c84fa94-04c1-424b-9868-57a2d4851a1d" />
    <TestEntry testId="727b525c-719e-134c-20b8-7a65f94cd1aa" executionId="36dcc15f-61f0-45bd-a595-ac1743c4c82d" testListId="8c84fa94-04c1-424b-9868-57a2d4851a1d" />
    <TestEntry testId="520802d2-4c77-4cb2-4011-c42772a34e5f" executionId="efb9b781-152a-4ac6-835d-740707da7efd" testListId="8c84fa94-04c1-424b-9868-57a2d4851a1d" />
    <TestEntry testId="bfc0a21f-dac9-50ab-815c-3b063dd609fb" executionId="13d0eeb9-df73-4243-b556-0cc6df904c7b" testListId="8c84fa94-04c1-424b-9868-57a2d4851a1d" />
  </TestEntries>
  <TestLists>
    <TestList name="Results Not in a List" id="8c84fa94-04c1-424b-9868-57a2d4851a1d" />
    <TestList name="All Loaded Results" id="19431567-8539-422a-85d7-44ee4e166bda" />
  </TestLists>
  <ResultSummary outcome="Failed">
    <Counters total="4" executed="4" passed="3" failed="1" error="0" timeout="0" aborted="0" inconclusive="0" passedButRunAborted="0" notRunnable="0" notExecuted="0" disconnected="0" warning="0" completed="0" inProgress="0" pending="0" />
  </ResultSummary>
</TestRun>