<?xml version="1.0" encoding="UTF-8"?>
<TestRun id="54892f31-ab0c-4ca8-925c-dd6ee276e20d" name="1@DESKTOP-J92RQ9N 2017-09-09 22:28:40" runUser="DESKTOP-J92RQ9N\1" xmlns="http://microsoft.com/schemas/VisualStudio/TeamTest/2010">
  <Times creation="2017-09-09T22:28:40.0943020+03:00" queuing="2017-09-09T22:28:40.0943020+03:00" start="2017-09-09T22:28:39.5975353+03:00" finish="2017-09-09T22:28:40.1500502+03:00" />
  <TestSettings name="default" id="0b394d76-64c3-40f4-82ef-668e60b982e6">
    <Execution>
      <TestTypeSpecific />
    </Execution>
    <Deployment runDeploymentRoot="1_DESKTOP-J92RQ9N 2017-09-09 22_28_40" />
    <Properties />
  </TestSettings>
  <Results>
    <UnitTestResult executionId="4a1d42d8-97f7-4084-b53d-681385ccbae6" testId="23c49f78-233a-423e-5f7a-6cbdf06af238" testName="Test1" computerName="DESKTOP-J92RQ9N" duration="00:00:00.0034695" startTime="2017-09-09T22:28:39.9532138+03:00" endTime="2017-09-09T22:28:39.9877246+03:00" testType="13cdc9d9-ddb5-4fa4-a97d-d965ccfc6d4b" outcome="Passed" testListId="8c84fa94-04c1-424b-9868-57a2d4851a1d" relativeResultsDirectory="4a1d42d8-97f7-4084-b53d-681385ccbae6">
      <Output>
        <StdOut>123 TEst1</StdOut>
      </Output>
    </UnitTestResult>
    <UnitTestResult executionId="407ceb0e-b2b4-4f90-a095-62b2ffabc6d2" testId="77f1ed97-e614-740b-23f7-8e4842b2b465" testName="Test2" computerName="DESKTOP-J92RQ9N" duration="00:00:00.0000937" startTime="2017-09-09T22:28:39.9997331+03:00" endTime="2017-09-09T22:28:39.9997331+03:00" testType="13cdc9d9-ddb5-4fa4-a97d-d965ccfc6d4b" outcome="Passed" testListId="8c84fa94-04c1-424b-9868-57a2d4851a1d" relativeResultsDirectory="407ceb0e-b2b4-4f90-a095-62b2ffabc6d2" />
    <UnitTestResult executionId="29188682-1c1f-44b4-bd94-76660bda8abc" testId="774b93f0-78cc-8d6a-be8e-1d9ecdc074d5" testName="Test3" computerName="DESKTOP-J92RQ9N" duration="00:00:00.0000942" startTime="2017-09-09T22:28:40.0002342+03:00" endTime="2017-09-09T22:28:40.0002342+03:00" testType="13cdc9d9-ddb5-4fa4-a97d-d965ccfc6d4b" outcome="Passed" testListId="8c84fa94-04c1-424b-9868-57a2d4851a1d" relativeResultsDirectory="29188682-1c1f-44b4-bd94-76660bda8abc">
      <Output>
        <StdOut>123 TEst3</StdOut>
      </Output>
    </UnitTestResult>
    <UnitTestResult executionId="4cabd8c4-d349-4fe7-9036-3773a9d890b4" testId="c91db766-4df9-b250-68c3-f4464fb3e494" testName="Test4" computerName="DESKTOP-J92RQ9N" startTime="2017-09-09T22:28:40.0002342+03:00" endTime="2017-09-09T22:28:40.0537715+03:00" testType="13cdc9d9-ddb5-4fa4-a97d-d965ccfc6d4b" outcome="Failed" testListId="8c84fa94-04c1-424b-9868-57a2d4851a1d" relativeResultsDirectory="4cabd8c4-d349-4fe7-9036-3773a9d890b4">
      <Output>
        <ErrorInfo>
          <Message>The unit test adapter failed to connect to the data source or to read the data. For more information on troubleshooting this error, see "Troubleshooting Data-Driven Unit Tests" (http://go.microsoft.com/fwlink/?LinkId=62412) in the MSDN Library. Error details: Unable to find the requested .Net Framework Data Provider.  It may not be installed.</Message>
        </ErrorInfo>
      </Output>
    </UnitTestResult>
  </Results>
  <TestDefinitions>
    <UnitTest name="Test1" storage="d:\visual studio 2015\projects\browsertestadapter\tests\bin\debug\tests.dll" id="23c49f78-233a-423e-5f7a-6cbdf06af238">
      <Execution id="4a1d42d8-97f7-4084-b53d-681385ccbae6" />
      <TestMethod codeBase="D:\Visual Studio 2015\Projects\BrowserTestAdapter\Tests\bin\Debug\Tests.dll" adapterTypeName="Microsoft.VisualStudio.TestTools.TestTypes.Unit.UnitTestAdapter" className="Tests.Class1" name="Test1" />
    </UnitTest>
    <UnitTest name="Test2" storage="d:\visual studio 2015\projects\browsertestadapter\tests\bin\debug\tests.dll" id="77f1ed97-e614-740b-23f7-8e4842b2b465">
      <Execution id="407ceb0e-b2b4-4f90-a095-62b2ffabc6d2" />
      <TestMethod codeBase="D:\Visual Studio 2015\Projects\BrowserTestAdapter\Tests\bin\Debug\Tests.dll" adapterTypeName="Microsoft.VisualStudio.TestTools.TestTypes.Unit.UnitTestAdapter" className="Tests.Class1" name="Test2" />
    </UnitTest>
    <UnitTest name="Test3" storage="d:\visual studio 2015\projects\browsertestadapter\tests\bin\debug\tests.dll" id="774b93f0-78cc-8d6a-be8e-1d9ecdc074d5">
      <Execution id="29188682-1c1f-44b4-bd94-76660bda8abc" />
      <TestMethod codeBase="D:\Visual Studio 2015\Projects\BrowserTestAdapter\Tests\bin\Debug\Tests.dll" adapterTypeName="Microsoft.VisualStudio.TestTools.TestTypes.Unit.UnitTestAdapter" className="Tests.Class1" name="Test3" />
    </UnitTest>
    <UnitTest name="Test4" storage="d:\visual studio 2015\projects\browsertestadapter\tests\bin\debug\tests.dll" priority="1" id="c91db766-4df9-b250-68c3-f4464fb3e494">
      <TestCategory>
        <TestCategoryItem TestCategory="Khepri" />
      </TestCategory>
      <Execution id="4cabd8c4-d349-4fe7-9036-3773a9d890b4" />
      <TestMethod codeBase="D:\Visual Studio 2015\Projects\BrowserTestAdapter\Tests\bin\Debug\Tests.dll" adapterTypeName="Microsoft.VisualStudio.TestTools.TestTypes.Unit.UnitTestAdapter" className="Tests.Class1" name="Test4" />
    </UnitTest>
  </TestDefinitions>
  <TestEntries>
    <TestEntry testId="23c49f78-233a-423e-5f7a-6cbdf06af238" executionId="4a1d42d8-97f7-4084-b53d-681385ccbae6" testListId="8c84fa94-04c1-424b-9868-57a2d4851a1d" />
    <TestEntry testId="77f1ed97-e614-740b-23f7-8e4842b2b465" executionId="407ceb0e-b2b4-4f90-a095-62b2ffabc6d2" testListId="8c84fa94-04c1-424b-9868-57a2d4851a1d" />
    <TestEntry testId="774b93f0-78cc-8d6a-be8e-1d9ecdc074d5" executionId="29188682-1c1f-44b4-bd94-76660bda8abc" testListId="8c84fa94-04c1-424b-9868-57a2d4851a1d" />
    <TestEntry testId="c91db766-4df9-b250-68c3-f4464fb3e494" executionId="4cabd8c4-d349-4fe7-9036-3773a9d890b4" testListId="8c84fa94-04c1-424b-9868-57a2d4851a1d" />
  </TestEntries>
  <TestLists>
    <TestList name="Results Not in a List" id="8c84fa94-04c1-424b-9868-57a2d4851a1d" />
    <TestList name="All Loaded Results" id="19431567-8539-422a-85d7-44ee4e166bda" />
  </TestLists>
  <ResultSummary outcome="Failed">
    <Counters total="4" executed="4" passed="3" failed="1" error="0" timeout="0" aborted="0" inconclusive="0" passedButRunAborted="0" notRunnable="0" notExecuted="0" disconnected="0" warning="0" completed="0" inProgress="0" pending="0" />
  </ResultSummary>
</TestRun>