<?xml version="1.0" encoding="UTF-8"?>
<TestRun id="3c23cf2e-74b5-40b3-bd5b-e9592b13b61d" name="1@DESKTOP-J92RQ9N 2017-09-10 18:47:40" runUser="DESKTOP-J92RQ9N\1" xmlns="http://microsoft.com/schemas/VisualStudio/TeamTest/2010">
  <Times creation="2017-09-10T18:47:40.6122490+03:00" queuing="2017-09-10T18:47:40.6122490+03:00" start="2017-09-10T18:47:40.0768073+03:00" finish="2017-09-10T18:47:40.6613114+03:00" />
  <TestSettings name="default" id="7c994e54-6c4f-4b7e-a7a9-d7fb5f7ee61f">
    <Execution>
      <TestTypeSpecific />
    </Execution>
    <Deployment runDeploymentRoot="1_DESKTOP-J92RQ9N 2017-09-10 18_47_40" />
    <Properties />
  </TestSettings>
  <Results>
    <UnitTestResult executionId="8e84ceed-4c40-4385-bab3-6ebb5b18b9de" testId="23c49f78-233a-423e-5f7a-6cbdf06af238" testName="Test1" computerName="DESKTOP-J92RQ9N" duration="00:00:00.0034378" startTime="2017-09-10T18:47:40.4713013+03:00" endTime="2017-09-10T18:47:40.4993347+03:00" testType="13cdc9d9-ddb5-4fa4-a97d-d965ccfc6d4b" outcome="Passed" testListId="8c84fa94-04c1-424b-9868-57a2d4851a1d" relativeResultsDirectory="8e84ceed-4c40-4385-bab3-6ebb5b18b9de">
      <Output>
        <StdOut>123 TEst1</StdOut>
      </Output>
    </UnitTestResult>
    <UnitTestResult executionId="ba8cc033-d913-4a7c-8c01-776cd10395df" testId="77f1ed97-e614-740b-23f7-8e4842b2b465" testName="Test2" computerName="DESKTOP-J92RQ9N" duration="00:00:00.0000718" startTime="2017-09-10T18:47:40.5128306+03:00" endTime="2017-09-10T18:47:40.5128306+03:00" testType="13cdc9d9-ddb5-4fa4-a97d-d965ccfc6d4b" outcome="Passed" testListId="8c84fa94-04c1-424b-9868-57a2d4851a1d" relativeResultsDirectory="ba8cc033-d913-4a7c-8c01-776cd10395df" />
    <UnitTestResult executionId="ac92bdfd-92a3-46cb-8eca-93043b5b7899" testId="774b93f0-78cc-8d6a-be8e-1d9ecdc074d5" testName="Test3" computerName="DESKTOP-J92RQ9N" duration="00:00:00.0000769" startTime="2017-09-10T18:47:40.5133452+03:00" endTime="2017-09-10T18:47:40.5133452+03:00" testType="13cdc9d9-ddb5-4fa4-a97d-d965ccfc6d4b" outcome="Passed" testListId="8c84fa94-04c1-424b-9868-57a2d4851a1d" relativeResultsDirectory="ac92bdfd-92a3-46cb-8eca-93043b5b7899">
      <Output>
        <StdOut>123 TEst3</StdOut>
      </Output>
    </UnitTestResult>
    <UnitTestResult executionId="e9551d8a-91b6-4951-9482-a6208a03ed97" testId="c91db766-4df9-b250-68c3-f4464fb3e494" testName="Test4" computerName="DESKTOP-J92RQ9N" startTime="2017-09-10T18:47:40.5133452+03:00" endTime="2017-09-10T18:47:40.5633868+03:00" testType="13cdc9d9-ddb5-4fa4-a97d-d965ccfc6d4b" outcome="Failed" testListId="8c84fa94-04c1-424b-9868-57a2d4851a1d" relativeResultsDirectory="e9551d8a-91b6-4951-9482-a6208a03ed97">
      <Output>
        <ErrorInfo>
          <Message>The unit test adapter failed to connect to the data source or to read the data. For more information on troubleshooting this error, see "Troubleshooting Data-Driven Unit Tests" (http://go.microsoft.com/fwlink/?LinkId=62412) in the MSDN Library. Error details: Unable to find the requested .Net Framework Data Provider.  It may not be installed.</Message>
        </ErrorInfo>
      </Output>
    </UnitTestResult>
  </Results>
  <TestDefinitions>
    <UnitTest name="Test1" storage="d:\visual studio 2015\projects\browsertestadapter\tests\bin\debug\tests.dll" id="23c49f78-233a-423e-5f7a-6cbdf06af238">
      <Execution id="8e84ceed-4c40-4385-bab3-6ebb5b18b9de" />
      <TestMethod codeBase="D:\Visual Studio 2015\Projects\BrowserTestAdapter\Tests\bin\Debug\Tests.dll" adapterTypeName="Microsoft.VisualStudio.TestTools.TestTypes.Unit.UnitTestAdapter" className="Tests.Class1" name="Test1" />
    </UnitTest>
    <UnitTest name="Test2" storage="d:\visual studio 2015\projects\browsertestadapter\tests\bin\debug\tests.dll" id="77f1ed97-e614-740b-23f7-8e4842b2b465">
      <Execution id="ba8cc033-d913-4a7c-8c01-776cd10395df" />
      <TestMethod codeBase="D:\Visual Studio 2015\Projects\BrowserTestAdapter\Tests\bin\Debug\Tests.dll" adapterTypeName="Microsoft.VisualStudio.TestTools.TestTypes.Unit.UnitTestAdapter" className="Tests.Class1" name="Test2" />
    </UnitTest>
    <UnitTest name="Test3" storage="d:\visual studio 2015\projects\browsertestadapter\tests\bin\debug\tests.dll" id="774b93f0-78cc-8d6a-be8e-1d9ecdc074d5">
      <Execution id="ac92bdfd-92a3-46cb-8eca-93043b5b7899" />
      <TestMethod codeBase="D:\Visual Studio 2015\Projects\BrowserTestAdapter\Tests\bin\Debug\Tests.dll" adapterTypeName="Microsoft.VisualStudio.TestTools.TestTypes.Unit.UnitTestAdapter" className="Tests.Class1" name="Test3" />
    </UnitTest>
    <UnitTest name="Test4" storage="d:\visual studio 2015\projects\browsertestadapter\tests\bin\debug\tests.dll" priority="1" id="c91db766-4df9-b250-68c3-f4464fb3e494">
      <TestCategory>
        <TestCategoryItem TestCategory="Khepri" />
      </TestCategory>
      <Execution id="e9551d8a-91b6-4951-9482-a6208a03ed97" />
      <TestMethod codeBase="D:\Visual Studio 2015\Projects\BrowserTestAdapter\Tests\bin\Debug\Tests.dll" adapterTypeName="Microsoft.VisualStudio.TestTools.TestTypes.Unit.UnitTestAdapter" className="Tests.Class1" name="Test4" />
    </UnitTest>
  </TestDefinitions>
  <TestEntries>
    <TestEntry testId="23c49f78-233a-423e-5f7a-6cbdf06af238" executionId="8e84ceed-4c40-4385-bab3-6ebb5b18b9de" testListId="8c84fa94-04c1-424b-9868-57a2d4851a1d" />
    <TestEntry testId="77f1ed97-e614-740b-23f7-8e4842b2b465" executionId="ba8cc033-d913-4a7c-8c01-776cd10395df" testListId="8c84fa94-04c1-424b-9868-57a2d4851a1d" />
    <TestEntry testId="774b93f0-78cc-8d6a-be8e-1d9ecdc074d5" executionId="ac92bdfd-92a3-46cb-8eca-93043b5b7899" testListId="8c84fa94-04c1-424b-9868-57a2d4851a1d" />
    <TestEntry testId="c91db766-4df9-b250-68c3-f4464fb3e494" executionId="e9551d8a-91b6-4951-9482-a6208a03ed97" testListId="8c84fa94-04c1-424b-9868-57a2d4851a1d" />
  </TestEntries>
  <TestLists>
    <TestList name="Results Not in a List" id="8c84fa94-04c1-424b-9868-57a2d4851a1d" />
    <TestList name="All Loaded Results" id="19431567-8539-422a-85d7-44ee4e166bda" />
  </TestLists>
  <ResultSummary outcome="Failed">
    <Counters total="4" executed="4" passed="3" failed="1" error="0" timeout="0" aborted="0" inconclusive="0" passedButRunAborted="0" notRunnable="0" notExecuted="0" disconnected="0" warning="0" completed="0" inProgress="0" pending="0" />
  </ResultSummary>
</TestRun>